

Microchip Technology PIC LITE Macro Assembler V1.45 build -152302408 
                                                                                               Wed Oct 17 15:51:30 2018

Microchip Technology Omniscient Code Generator v1.45 (Free mode) build 201711160504
     1                           	processor	16F18877
     2                           	opt	pw 120
     3                           	opt	lm
     4                           	psect	cinit,global,class=CODE,merge=1,delta=2
     5                           	psect	bssCOMMON,global,class=COMMON,space=1,delta=1
     6                           	psect	cstackCOMMON,global,class=COMMON,space=1,delta=1
     7                           	psect	maintext,global,class=CODE,merge=1,split=1,delta=2
     8                           	psect	intentry,global,class=CODE,delta=2
     9                           	dabs	1,0x7E,2
    10  0000                     
    11                           ; Version 1.45
    12                           ; Generated 16/11/2017 GMT
    13                           ; 
    14                           ; Copyright © 2017, Microchip Technology Inc. and its subsidiaries ("Microchip")
    15                           ; All rights reserved.
    16                           ; 
    17                           ; This software is developed by Microchip Technology Inc. and its subsidiaries ("Microch
      +                          ip").
    18                           ; 
    19                           ; Redistribution and use in source and binary forms, with or without modification, are
    20                           ; permitted provided that the following conditions are met:
    21                           ; 
    22                           ;     1. Redistributions of source code must retain the above copyright notice, this lis
      +                          t of
    23                           ;        conditions and the following disclaimer.
    24                           ; 
    25                           ;     2. Redistributions in binary form must reproduce the above copyright notice, this 
      +                          list
    26                           ;        of conditions and the following disclaimer in the documentation and/or other
    27                           ;        materials provided with the distribution.
    28                           ; 
    29                           ;     3. Microchip's name may not be used to endorse or promote products derived from th
      +                          is
    30                           ;        software without specific prior written permission.
    31                           ; 
    32                           ; THIS SOFTWARE IS PROVIDED BY MICROCHIP "AS IS" AND ANY EXPRESS OR IMPLIED WARRANTIES,
    33                           ; INCLUDING, BUT NOT LIMITED TO, THE IMPLIED WARRANTIES OF MERCHANTABILITY AND FITNESS F
      +                          OR
    34                           ; PURPOSE ARE DISCLAIMED.  IN NO EVENT SHALL MICROCHIP BE LIABLE FOR ANY DIRECT, INDIREC
      +                          T,
    35                           ; INCIDENTAL, SPECIAL, EXEMPLARY, OR CONSEQUENTIAL DAMAGES (INCLUDING BUT NOT LIMITED TO
    36                           ; PROCUREMENT OF SUBSTITUTE GOODS OR SERVICES; LOSS OF USE, DATA OR PROFITS; OR BUSINESS
    37                           ; INTERRUPTION) HOWSOEVER CAUSED AND ON ANY THEORY OF LIABILITY, WHETHER IN CONTRACT, ST
      +                          RICT
    38                           ; LIABILITY, OR TORT (INCLUDING NEGLIGENCE OR OTHERWISE) ARISING IN ANY WAY OUT OF THE U
      +                          SE OF
    39                           ; THIS SOFTWARE, EVEN IF ADVISED OF THE POSSIBILITY OF SUCH DAMAGE.
    40                           ; 
    41                           ; 
    42                           ; Code-generator required, PIC16F18877 Definitions
    43                           ; 
    44                           ; SFR Addresses
    45  0000                     	;# 
    46  0001                     	;# 
    47  0002                     	;# 
    48  0003                     	;# 
    49  0004                     	;# 
    50  0005                     	;# 
    51  0006                     	;# 
    52  0007                     	;# 
    53  0008                     	;# 
    54  0009                     	;# 
    55  000A                     	;# 
    56  000B                     	;# 
    57  000C                     	;# 
    58  000D                     	;# 
    59  000E                     	;# 
    60  000F                     	;# 
    61  0010                     	;# 
    62  0011                     	;# 
    63  0012                     	;# 
    64  0013                     	;# 
    65  0014                     	;# 
    66  0015                     	;# 
    67  0016                     	;# 
    68  0017                     	;# 
    69  0018                     	;# 
    70  0019                     	;# 
    71  001A                     	;# 
    72  001C                     	;# 
    73  001C                     	;# 
    74  001D                     	;# 
    75  001D                     	;# 
    76  001E                     	;# 
    77  001F                     	;# 
    78  008C                     	;# 
    79  008C                     	;# 
    80  008D                     	;# 
    81  008E                     	;# 
    82  008E                     	;# 
    83  008F                     	;# 
    84  0090                     	;# 
    85  0090                     	;# 
    86  0091                     	;# 
    87  0093                     	;# 
    88  0094                     	;# 
    89  0095                     	;# 
    90  0096                     	;# 
    91  0097                     	;# 
    92  0098                     	;# 
    93  0099                     	;# 
    94  009A                     	;# 
    95  009B                     	;# 
    96  009C                     	;# 
    97  009D                     	;# 
    98  009E                     	;# 
    99  010C                     	;# 
   100  010D                     	;# 
   101  010E                     	;# 
   102  010E                     	;# 
   103  010F                     	;# 
   104  0110                     	;# 
   105  0110                     	;# 
   106  0111                     	;# 
   107  0112                     	;# 
   108  0112                     	;# 
   109  0113                     	;# 
   110  0114                     	;# 
   111  0114                     	;# 
   112  0115                     	;# 
   113  0116                     	;# 
   114  0116                     	;# 
   115  0117                     	;# 
   116  0119                     	;# 
   117  0119                     	;# 
   118  0119                     	;# 
   119  011A                     	;# 
   120  011A                     	;# 
   121  011A                     	;# 
   122  011B                     	;# 
   123  011B                     	;# 
   124  011B                     	;# 
   125  011B                     	;# 
   126  011B                     	;# 
   127  011C                     	;# 
   128  011C                     	;# 
   129  011C                     	;# 
   130  011D                     	;# 
   131  011D                     	;# 
   132  011D                     	;# 
   133  011E                     	;# 
   134  011E                     	;# 
   135  011E                     	;# 
   136  011F                     	;# 
   137  011F                     	;# 
   138  011F                     	;# 
   139  011F                     	;# 
   140  011F                     	;# 
   141  018C                     	;# 
   142  018D                     	;# 
   143  018E                     	;# 
   144  018F                     	;# 
   145  0190                     	;# 
   146  0191                     	;# 
   147  0192                     	;# 
   148  0196                     	;# 
   149  0197                     	;# 
   150  0198                     	;# 
   151  0199                     	;# 
   152  019A                     	;# 
   153  019B                     	;# 
   154  019C                     	;# 
   155  020C                     	;# 
   156  020C                     	;# 
   157  020D                     	;# 
   158  020E                     	;# 
   159  020F                     	;# 
   160  020F                     	;# 
   161  0210                     	;# 
   162  0210                     	;# 
   163  0211                     	;# 
   164  0211                     	;# 
   165  0212                     	;# 
   166  0212                     	;# 
   167  0213                     	;# 
   168  0214                     	;# 
   169  0215                     	;# 
   170  0215                     	;# 
   171  0216                     	;# 
   172  0216                     	;# 
   173  0217                     	;# 
   174  0217                     	;# 
   175  0218                     	;# 
   176  0218                     	;# 
   177  0219                     	;# 
   178  021A                     	;# 
   179  021B                     	;# 
   180  021B                     	;# 
   181  021C                     	;# 
   182  021C                     	;# 
   183  021D                     	;# 
   184  021D                     	;# 
   185  021E                     	;# 
   186  021F                     	;# 
   187  028C                     	;# 
   188  028C                     	;# 
   189  028D                     	;# 
   190  028D                     	;# 
   191  028E                     	;# 
   192  028F                     	;# 
   193  0290                     	;# 
   194  0290                     	;# 
   195  0291                     	;# 
   196  0292                     	;# 
   197  0292                     	;# 
   198  0293                     	;# 
   199  0293                     	;# 
   200  0294                     	;# 
   201  0295                     	;# 
   202  0296                     	;# 
   203  0296                     	;# 
   204  0297                     	;# 
   205  0298                     	;# 
   206  0298                     	;# 
   207  0299                     	;# 
   208  0299                     	;# 
   209  029A                     	;# 
   210  029B                     	;# 
   211  029C                     	;# 
   212  029C                     	;# 
   213  029D                     	;# 
   214  030C                     	;# 
   215  030C                     	;# 
   216  030D                     	;# 
   217  030E                     	;# 
   218  030F                     	;# 
   219  0310                     	;# 
   220  0310                     	;# 
   221  0311                     	;# 
   222  0312                     	;# 
   223  0313                     	;# 
   224  0314                     	;# 
   225  0314                     	;# 
   226  0315                     	;# 
   227  0316                     	;# 
   228  0317                     	;# 
   229  0318                     	;# 
   230  0318                     	;# 
   231  0319                     	;# 
   232  031A                     	;# 
   233  031B                     	;# 
   234  031C                     	;# 
   235  031C                     	;# 
   236  031D                     	;# 
   237  031E                     	;# 
   238  031F                     	;# 
   239  038C                     	;# 
   240  038D                     	;# 
   241  038E                     	;# 
   242  0390                     	;# 
   243  0391                     	;# 
   244  0392                     	;# 
   245  040C                     	;# 
   246  040D                     	;# 
   247  040E                     	;# 
   248  040F                     	;# 
   249  0410                     	;# 
   250  0411                     	;# 
   251  0416                     	;# 
   252  0416                     	;# 
   253  0417                     	;# 
   254  0418                     	;# 
   255  0418                     	;# 
   256  0419                     	;# 
   257  041A                     	;# 
   258  041A                     	;# 
   259  041B                     	;# 
   260  041C                     	;# 
   261  041C                     	;# 
   262  041D                     	;# 
   263  041E                     	;# 
   264  041F                     	;# 
   265  048C                     	;# 
   266  048C                     	;# 
   267  048D                     	;# 
   268  048E                     	;# 
   269  048F                     	;# 
   270  048F                     	;# 
   271  0490                     	;# 
   272  0491                     	;# 
   273  0492                     	;# 
   274  0492                     	;# 
   275  0493                     	;# 
   276  0494                     	;# 
   277  0495                     	;# 
   278  0495                     	;# 
   279  0496                     	;# 
   280  0497                     	;# 
   281  0498                     	;# 
   282  0499                     	;# 
   283  049A                     	;# 
   284  049B                     	;# 
   285  049C                     	;# 
   286  049D                     	;# 
   287  050C                     	;# 
   288  050C                     	;# 
   289  050D                     	;# 
   290  050E                     	;# 
   291  050F                     	;# 
   292  050F                     	;# 
   293  0510                     	;# 
   294  0511                     	;# 
   295  0512                     	;# 
   296  0512                     	;# 
   297  0513                     	;# 
   298  0514                     	;# 
   299  0515                     	;# 
   300  0515                     	;# 
   301  0516                     	;# 
   302  0517                     	;# 
   303  0518                     	;# 
   304  0519                     	;# 
   305  051A                     	;# 
   306  051B                     	;# 
   307  051C                     	;# 
   308  051D                     	;# 
   309  058C                     	;# 
   310  058C                     	;# 
   311  058D                     	;# 
   312  058E                     	;# 
   313  058F                     	;# 
   314  058F                     	;# 
   315  0590                     	;# 
   316  0591                     	;# 
   317  0592                     	;# 
   318  0593                     	;# 
   319  060C                     	;# 
   320  060D                     	;# 
   321  060E                     	;# 
   322  060F                     	;# 
   323  0610                     	;# 
   324  0611                     	;# 
   325  0612                     	;# 
   326  0613                     	;# 
   327  0614                     	;# 
   328  0616                     	;# 
   329  0617                     	;# 
   330  0618                     	;# 
   331  0619                     	;# 
   332  061A                     	;# 
   333  061B                     	;# 
   334  061C                     	;# 
   335  061D                     	;# 
   336  061E                     	;# 
   337  068C                     	;# 
   338  068D                     	;# 
   339  068E                     	;# 
   340  068F                     	;# 
   341  0690                     	;# 
   342  0691                     	;# 
   343  0692                     	;# 
   344  0693                     	;# 
   345  0694                     	;# 
   346  070C                     	;# 
   347  070D                     	;# 
   348  070E                     	;# 
   349  070F                     	;# 
   350  0710                     	;# 
   351  0711                     	;# 
   352  0712                     	;# 
   353  0713                     	;# 
   354  0714                     	;# 
   355  0716                     	;# 
   356  0717                     	;# 
   357  0718                     	;# 
   358  0719                     	;# 
   359  071A                     	;# 
   360  071B                     	;# 
   361  071C                     	;# 
   362  071D                     	;# 
   363  071E                     	;# 
   364  0796                     	;# 
   365  0797                     	;# 
   366  0798                     	;# 
   367  0799                     	;# 
   368  079A                     	;# 
   369  079B                     	;# 
   370  080C                     	;# 
   371  080D                     	;# 
   372  080E                     	;# 
   373  080F                     	;# 
   374  0810                     	;# 
   375  0811                     	;# 
   376  0812                     	;# 
   377  0813                     	;# 
   378  0814                     	;# 
   379  081A                     	;# 
   380  081B                     	;# 
   381  081C                     	;# 
   382  081D                     	;# 
   383  081E                     	;# 
   384  081F                     	;# 
   385  088C                     	;# 
   386  088D                     	;# 
   387  088E                     	;# 
   388  088F                     	;# 
   389  0890                     	;# 
   390  0891                     	;# 
   391  0892                     	;# 
   392  0893                     	;# 
   393  0895                     	;# 
   394  0896                     	;# 
   395  0897                     	;# 
   396  0898                     	;# 
   397  0899                     	;# 
   398  089A                     	;# 
   399  089B                     	;# 
   400  090C                     	;# 
   401  090E                     	;# 
   402  090F                     	;# 
   403  091F                     	;# 
   404  098F                     	;# 
   405  098F                     	;# 
   406  0990                     	;# 
   407  0991                     	;# 
   408  0992                     	;# 
   409  0993                     	;# 
   410  0994                     	;# 
   411  0995                     	;# 
   412  0996                     	;# 
   413  0997                     	;# 
   414  1E0F                     	;# 
   415  1E10                     	;# 
   416  1E11                     	;# 
   417  1E12                     	;# 
   418  1E13                     	;# 
   419  1E14                     	;# 
   420  1E15                     	;# 
   421  1E16                     	;# 
   422  1E17                     	;# 
   423  1E18                     	;# 
   424  1E19                     	;# 
   425  1E1A                     	;# 
   426  1E1B                     	;# 
   427  1E1C                     	;# 
   428  1E1D                     	;# 
   429  1E1E                     	;# 
   430  1E1F                     	;# 
   431  1E20                     	;# 
   432  1E21                     	;# 
   433  1E22                     	;# 
   434  1E23                     	;# 
   435  1E24                     	;# 
   436  1E25                     	;# 
   437  1E26                     	;# 
   438  1E27                     	;# 
   439  1E28                     	;# 
   440  1E29                     	;# 
   441  1E2A                     	;# 
   442  1E2B                     	;# 
   443  1E2C                     	;# 
   444  1E2D                     	;# 
   445  1E2E                     	;# 
   446  1E2F                     	;# 
   447  1E30                     	;# 
   448  1E31                     	;# 
   449  1E32                     	;# 
   450  1E33                     	;# 
   451  1E34                     	;# 
   452  1E35                     	;# 
   453  1E36                     	;# 
   454  1E37                     	;# 
   455  1E8F                     	;# 
   456  1E90                     	;# 
   457  1E91                     	;# 
   458  1E92                     	;# 
   459  1E93                     	;# 
   460  1E94                     	;# 
   461  1E95                     	;# 
   462  1E96                     	;# 
   463  1E97                     	;# 
   464  1E9C                     	;# 
   465  1E9D                     	;# 
   466  1E9E                     	;# 
   467  1EA1                     	;# 
   468  1EA2                     	;# 
   469  1EA3                     	;# 
   470  1EA4                     	;# 
   471  1EA5                     	;# 
   472  1EA9                     	;# 
   473  1EAA                     	;# 
   474  1EAB                     	;# 
   475  1EAC                     	;# 
   476  1EB1                     	;# 
   477  1EB2                     	;# 
   478  1EB3                     	;# 
   479  1EB8                     	;# 
   480  1EB9                     	;# 
   481  1EBA                     	;# 
   482  1EBB                     	;# 
   483  1EBC                     	;# 
   484  1EBD                     	;# 
   485  1EBE                     	;# 
   486  1EC3                     	;# 
   487  1EC5                     	;# 
   488  1EC6                     	;# 
   489  1EC7                     	;# 
   490  1EC8                     	;# 
   491  1EC9                     	;# 
   492  1ECA                     	;# 
   493  1ECB                     	;# 
   494  1ECC                     	;# 
   495  1F10                     	;# 
   496  1F11                     	;# 
   497  1F12                     	;# 
   498  1F13                     	;# 
   499  1F14                     	;# 
   500  1F15                     	;# 
   501  1F16                     	;# 
   502  1F17                     	;# 
   503  1F18                     	;# 
   504  1F19                     	;# 
   505  1F1A                     	;# 
   506  1F1B                     	;# 
   507  1F1C                     	;# 
   508  1F1D                     	;# 
   509  1F1E                     	;# 
   510  1F1F                     	;# 
   511  1F20                     	;# 
   512  1F21                     	;# 
   513  1F22                     	;# 
   514  1F23                     	;# 
   515  1F24                     	;# 
   516  1F25                     	;# 
   517  1F26                     	;# 
   518  1F27                     	;# 
   519  1F28                     	;# 
   520  1F29                     	;# 
   521  1F2A                     	;# 
   522  1F2B                     	;# 
   523  1F2C                     	;# 
   524  1F2D                     	;# 
   525  1F2E                     	;# 
   526  1F2F                     	;# 
   527  1F30                     	;# 
   528  1F31                     	;# 
   529  1F32                     	;# 
   530  1F38                     	;# 
   531  1F39                     	;# 
   532  1F3A                     	;# 
   533  1F3B                     	;# 
   534  1F3C                     	;# 
   535  1F3D                     	;# 
   536  1F3E                     	;# 
   537  1F3F                     	;# 
   538  1F40                     	;# 
   539  1F41                     	;# 
   540  1F43                     	;# 
   541  1F44                     	;# 
   542  1F45                     	;# 
   543  1F46                     	;# 
   544  1F47                     	;# 
   545  1F48                     	;# 
   546  1F49                     	;# 
   547  1F4A                     	;# 
   548  1F4B                     	;# 
   549  1F4C                     	;# 
   550  1F4E                     	;# 
   551  1F4F                     	;# 
   552  1F50                     	;# 
   553  1F51                     	;# 
   554  1F52                     	;# 
   555  1F53                     	;# 
   556  1F54                     	;# 
   557  1F55                     	;# 
   558  1F56                     	;# 
   559  1F57                     	;# 
   560  1F59                     	;# 
   561  1F5A                     	;# 
   562  1F5B                     	;# 
   563  1F5C                     	;# 
   564  1F5D                     	;# 
   565  1F61                     	;# 
   566  1F62                     	;# 
   567  1F64                     	;# 
   568  1F65                     	;# 
   569  1F66                     	;# 
   570  1F67                     	;# 
   571  1F68                     	;# 
   572  1F69                     	;# 
   573  1F6A                     	;# 
   574  1F6B                     	;# 
   575  1F6C                     	;# 
   576  1F6D                     	;# 
   577  1FE4                     	;# 
   578  1FE5                     	;# 
   579  1FE6                     	;# 
   580  1FE7                     	;# 
   581  1FE8                     	;# 
   582  1FE9                     	;# 
   583  1FEA                     	;# 
   584  1FEB                     	;# 
   585  1FED                     	;# 
   586  1FEE                     	;# 
   587  1FEF                     	;# 
   588  000B                     _INTCONbits	set	11
   589  0013                     _TRISC	set	19
   590  000E                     _PORTC	set	14
   591  0012                     _TRISB	set	18
   592  000D                     _PORTB	set	13
   593  0017                     _LATBbits	set	23
   594  011B                     _SPBRG	set	283
   595  011F                     _BAUD1CONbits	set	287
   596  011E                     _TX1STAbits	set	286
   597  011D                     _RC1STAbits	set	285
   598  0119                     _RC1REG	set	281
   599  0719                     _PIE3bits	set	1817
   600  070F                     _PIR3bits	set	1807
   601  0893                     _OSCFRQbits	set	2195
   602  1ECB                     _RXPPS	set	7883
   603  1F4E                     _ANSELC	set	8014
   604  1F43                     _ANSELB	set	8003
   605                           
   606                           ; #config settings
   607  0000                     
   608                           	psect	cinit
   609  002F                     start_initialization:	
   610  002F                     __initialization:	
   611                           
   612                           ; Clear objects allocated to COMMON
   613  002F  01F6               	clrf	__pbssCOMMON& (0+127)
   614  0030                     end_of_initialization:	
   615                           ;End of C runtime variable initialization code
   616                           
   617  0030                     __end_of__initialization:	
   618  0030  107E               	bcf	int$flags,0	;clear compiler interrupt flag (level 1)
   619  0031  0140               	movlb	0
   620  0032  3180  2834         	ljmp	_main	;jump to C main() function
   621                           
   622                           	psect	bssCOMMON
   623  0076                     __pbssCOMMON:	
   624  0076                     _dato:	
   625  0076                     	ds	1
   626                           
   627                           	psect	cstackCOMMON
   628  0070                     __pcstackCOMMON:	
   629  0070                     ?_isr:	
   630  0070                     ??_isr:	
   631                           ; 1 bytes @ 0x0
   632                           
   633                           
   634                           ; 1 bytes @ 0x0
   635  0070                     	ds	2
   636  0072                     ?_main:	
   637  0072                     main@argc:	
   638                           ; 2 bytes @ 0x2
   639                           
   640                           
   641                           ; 2 bytes @ 0x2
   642  0072                     	ds	2
   643  0074                     main@argv:	
   644                           
   645                           ; 2 bytes @ 0x4
   646  0074                     	ds	2
   647  0076                     ??_main:	
   648                           
   649                           	psect	maintext
   650  0034                     __pmaintext:	
   651                           ; 1 bytes @ 0x6
   652 ;;
   653 ;;Main: autosize = 0, tempsize = 0, incstack = 0, save=0
   654 ;;
   655 ;; *************** function _main *****************
   656 ;; Defined at:
   657 ;;		line 23 in file "main.c"
   658 ;; Parameters:    Size  Location     Type
   659 ;;  argc            2    2[COMMON] int 
   660 ;;  argv            2    4[COMMON] PTR PTR unsigned char 
   661 ;; Auto vars:     Size  Location     Type
   662 ;;		None
   663 ;; Return value:  Size  Location     Type
   664 ;;                  2    2[COMMON] int 
   665 ;; Registers used:
   666 ;;		wreg, status,2, status,0
   667 ;; Tracked objects:
   668 ;;		On entry : B3F/0
   669 ;;		On exit  : 0/0
   670 ;;		Unchanged: 0/0
   671 ;; Data sizes:     COMMON   BANK0   BANK1   BANK2   BANK3   BANK4   BANK5   BANK6   BANK7   BANK8   BANK9  BANK10  BANK1
      +1  BANK12  BANK13  BANK14  BANK15  BANK16  BANK17  BANK18  BANK19  BANK20  BANK21  BANK22  BANK23  BANK24  BANK25  BANK2
      +6  BANK27  BANK28  BANK29  BANK30  BANK31  BANK32  BANK33  BANK34  BANK35  BANK36  BANK37  BANK38  BANK39  BANK40  BANK4
      +1  BANK42  BANK43  BANK44  BANK45  BANK46  BANK47  BANK48  BANK49  BANK50
   672 ;;      Params:         4       0       0       0       0       0       0       0       0       0       0       0       
      +0       0       0       0       0       0       0       0       0       0       0       0       0       0       0       
      +0       0       0       0       0       0       0       0       0       0       0       0       0       0       0       
      +0       0       0       0       0       0       0       0       0       0
   673 ;;      Locals:         0       0       0       0       0       0       0       0       0       0       0       0       
      +0       0       0       0       0       0       0       0       0       0       0       0       0       0       0       
      +0       0       0       0       0       0       0       0       0       0       0       0       0       0       0       
      +0       0       0       0       0       0       0       0       0       0
   674 ;;      Temps:          0       0       0       0       0       0       0       0       0       0       0       0       
      +0       0       0       0       0       0       0       0       0       0       0       0       0       0       0       
      +0       0       0       0       0       0       0       0       0       0       0       0       0       0       0       
      +0       0       0       0       0       0       0       0       0       0
   675 ;;      Totals:         4       0       0       0       0       0       0       0       0       0       0       0       
      +0       0       0       0       0       0       0       0       0       0       0       0       0       0       0       
      +0       0       0       0       0       0       0       0       0       0       0       0       0       0       0       
      +0       0       0       0       0       0       0       0       0       0
   676 ;;Total ram usage:        4 bytes
   677 ;; Hardware stack levels required when called:    1
   678 ;; This function calls:
   679 ;;		Nothing
   680 ;; This function is called by:
   681 ;;		Startup code after reset
   682 ;; This function uses a non-reentrant model
   683 ;;
   684                           
   685                           
   686                           ;psect for function _main
   687  0034                     _main:	
   688                           
   689                           ;main.c: 25: OSCFRQbits.HFFRQ=0b110;
   690                           
   691                           ;incstack = 0
   692                           ; Regs used in _main: [wreg+status,2+status,0]
   693  0034  0151               	movlb	17	; select bank17
   694  0035  0813               	movf	19,w	;volatile
   695  0036  39F8               	andlw	-8
   696  0037  3806               	iorlw	6
   697  0038  0093               	movwf	19	;volatile
   698                           
   699                           ;main.c: 27: PORTB=0;
   700  0039  0140               	movlb	0	; select bank0
   701  003A  018D               	clrf	13	;volatile
   702                           
   703                           ;main.c: 28: ANSELB=0;
   704  003B  017E               	movlb	62	; select bank62
   705  003C  01C3               	clrf	67	;volatile
   706                           
   707                           ;main.c: 29: TRISB=0;
   708  003D  0140               	movlb	0	; select bank0
   709  003E  0192               	clrf	18	;volatile
   710                           
   711                           ;main.c: 30: PORTC=0;
   712  003F  018E               	clrf	14	;volatile
   713                           
   714                           ;main.c: 31: ANSELC=0;
   715  0040  017E               	movlb	62	; select bank62
   716  0041  01CE               	clrf	78	;volatile
   717                           
   718                           ;main.c: 32: TRISC=0b10000000;
   719  0042  3080               	movlw	128
   720  0043  0140               	movlb	0	; select bank0
   721  0044  0093               	movwf	19	;volatile
   722                           
   723                           ;main.c: 36: RXPPS=0x17;
   724  0045  3017               	movlw	23
   725  0046  017D               	movlb	61	; select bank61
   726  0047  00CB               	movwf	75	;volatile
   727                           
   728                           ;main.c: 38: RC1STAbits.SPEN=1;
   729  0048  0142               	movlb	2	; select bank2
   730  0049  179D               	bsf	29,7	;volatile
   731                           
   732                           ;main.c: 39: TX1STAbits.BRGH=0;
   733  004A  111E               	bcf	30,2	;volatile
   734                           
   735                           ;main.c: 40: TX1STAbits.SYNC=0;
   736  004B  121E               	bcf	30,4	;volatile
   737                           
   738                           ;main.c: 41: RC1STAbits.CREN=1;
   739  004C  161D               	bsf	29,4	;volatile
   740                           
   741                           ;main.c: 43: BAUD1CONbits.BRG16=0;
   742  004D  119F               	bcf	31,3	;volatile
   743                           
   744                           ;main.c: 44: SPBRG=51;
   745  004E  3033               	movlw	51
   746  004F  009B               	movwf	27	;volatile
   747                           
   748                           ;main.c: 46: PIR3bits.RCIF=0;
   749  0050  014E               	movlb	14	; select bank14
   750  0051  128F               	bcf	15,5	;volatile
   751                           
   752                           ;main.c: 47: PIE3bits.RCIE=1;
   753  0052  1699               	bsf	25,5	;volatile
   754                           
   755                           ;main.c: 48: INTCONbits.PEIE=1;
   756  0053  170B               	bsf	11,6	;volatile
   757                           
   758                           ;main.c: 49: INTCONbits.GIE=1;
   759  0054  178B               	bsf	11,7	;volatile
   760  0055                     l50:	
   761                           ;main.c: 52: while(1){
   762                           
   763  0055  2855               	goto	l50
   764  0056                     __end_of_main:	
   765                           ;main.c: 54: }
   766                           ;main.c: 56: return (0);
   767                           ;	Return value of _main is never used
   768                           
   769                           
   770                           	psect	intentry
   771  0004                     __pintentry:	
   772 ;; *************** function _isr *****************
   773 ;; Defined at:
   774 ;;		line 15 in file "main.c"
   775 ;; Parameters:    Size  Location     Type
   776 ;;		None
   777 ;; Auto vars:     Size  Location     Type
   778 ;;		None
   779 ;; Return value:  Size  Location     Type
   780 ;;                  1    wreg      void 
   781 ;; Registers used:
   782 ;;		wreg, status,2, status,0
   783 ;; Tracked objects:
   784 ;;		On entry : 0/0
   785 ;;		On exit  : 0/0
   786 ;;		Unchanged: 0/0
   787 ;; Data sizes:     COMMON   BANK0   BANK1   BANK2   BANK3   BANK4   BANK5   BANK6   BANK7   BANK8   BANK9  BANK10  BANK1
      +1  BANK12  BANK13  BANK14  BANK15  BANK16  BANK17  BANK18  BANK19  BANK20  BANK21  BANK22  BANK23  BANK24  BANK25  BANK2
      +6  BANK27  BANK28  BANK29  BANK30  BANK31  BANK32  BANK33  BANK34  BANK35  BANK36  BANK37  BANK38  BANK39  BANK40  BANK4
      +1  BANK42  BANK43  BANK44  BANK45  BANK46  BANK47  BANK48  BANK49  BANK50
   788 ;;      Params:         0       0       0       0       0       0       0       0       0       0       0       0       
      +0       0       0       0       0       0       0       0       0       0       0       0       0       0       0       
      +0       0       0       0       0       0       0       0       0       0       0       0       0       0       0       
      +0       0       0       0       0       0       0       0       0       0
   789 ;;      Locals:         0       0       0       0       0       0       0       0       0       0       0       0       
      +0       0       0       0       0       0       0       0       0       0       0       0       0       0       0       
      +0       0       0       0       0       0       0       0       0       0       0       0       0       0       0       
      +0       0       0       0       0       0       0       0       0       0
   790 ;;      Temps:          2       0       0       0       0       0       0       0       0       0       0       0       
      +0       0       0       0       0       0       0       0       0       0       0       0       0       0       0       
      +0       0       0       0       0       0       0       0       0       0       0       0       0       0       0       
      +0       0       0       0       0       0       0       0       0       0
   791 ;;      Totals:         2       0       0       0       0       0       0       0       0       0       0       0       
      +0       0       0       0       0       0       0       0       0       0       0       0       0       0       0       
      +0       0       0       0       0       0       0       0       0       0       0       0       0       0       0       
      +0       0       0       0       0       0       0       0       0       0
   792 ;;Total ram usage:        2 bytes
   793 ;; Hardware stack levels used:    1
   794 ;; This function calls:
   795 ;;		Nothing
   796 ;; This function is called by:
   797 ;;		Interrupt level 1
   798 ;; This function uses a non-reentrant model
   799 ;;
   800                           
   801  0004                     _isr:	
   802                           
   803                           ;incstack = 0
   804  0004  147E               	bsf	126,0	;set compiler interrupt flag (level 1)
   805                           
   806                           ; Regs used in _isr: [wreg+status,2+status,0]
   807  0005  3180               	pagesel	$
   808  0006  0140               	movlb	0	; select bank0
   809  0007  087F               	movf	127,w
   810  0008  00F1               	movwf	??_isr+1
   811                           
   812                           ;main.c: 16: dato=RC1REG;
   813  0009  0142               	movlb	2	; select bank2
   814  000A  0819               	movf	25,w	;volatile
   815  000B  00F0               	movwf	??_isr
   816  000C  0870               	movf	??_isr,w
   817  000D  00F6               	movwf	_dato
   818                           
   819                           ;main.c: 17: if(dato==65){LATBbits.LATB0=1;}
   820  000E  3041               	movlw	65
   821  000F  0676               	xorwf	_dato,w
   822  0010  1D03               	btfss	3,2
   823  0011  2814               	goto	i1l517
   824  0012  0140               	movlb	0	; select bank0
   825  0013  1417               	bsf	23,0	;volatile
   826  0014                     i1l517:	
   827                           
   828                           ;main.c: 18: if(dato==66){LATBbits.LATB0=0;}
   829  0014  3042               	movlw	66
   830  0015  0676               	xorwf	_dato,w
   831  0016  1D03               	btfss	3,2
   832  0017  281A               	goto	i1l521
   833  0018  0140               	movlb	0	; select bank0
   834  0019  1017               	bcf	23,0	;volatile
   835  001A                     i1l521:	
   836                           
   837                           ;main.c: 19: if(dato==67){LATBbits.LATB1=1;}
   838  001A  3043               	movlw	67
   839  001B  0676               	xorwf	_dato,w
   840  001C  1D03               	btfss	3,2
   841  001D  2820               	goto	i1l525
   842  001E  0140               	movlb	0	; select bank0
   843  001F  1497               	bsf	23,1	;volatile
   844  0020                     i1l525:	
   845                           
   846                           ;main.c: 20: if(dato==68){LATBbits.LATB1=0;}
   847  0020  3044               	movlw	68
   848  0021  0676               	xorwf	_dato,w
   849  0022  1D03               	btfss	3,2
   850  0023  2826               	goto	i1l44
   851  0024  0140               	movlb	0	; select bank0
   852  0025  1097               	bcf	23,1	;volatile
   853  0026                     i1l44:	
   854                           
   855                           ;main.c: 21: PIR3bits.RCIF=0;
   856  0026  014E               	movlb	14	; select bank14
   857  0027  128F               	bcf	15,5	;volatile
   858  0028  0871               	movf	??_isr+1,w
   859  0029  0140               	movlb	0	; select bank0
   860  002A  00FF               	movwf	127
   861  002B  107E               	bcf	126,0	;clear compiler interrupt flag (level 1)
   862  002C  0009               	retfie
   863  002D                     __end_of_isr:	
   864  007E                     btemp	set	126	;btemp
   865  007E                     int$flags	set	126
   866  007E                     wtemp0	set	126


Data Sizes:
    Strings     0
    Constant    0
    Data        0
    BSS         1
    Persistent  0
    Stack       0

Auto Spaces:
    Space          Size  Autos    Used
    COMMON           14      6       7
    BANK0            80      0       0
    BANK1            80      0       0
    BANK2            80      0       0
    BANK3            80      0       0
    BANK4            80      0       0
    BANK5            80      0       0
    BANK6            80      0       0
    BANK7            80      0       0
    BANK8            80      0       0
    BANK9            80      0       0
    BANK10           80      0       0
    BANK11           80      0       0
    BANK12           80      0       0
    BANK13           80      0       0
    BANK14           80      0       0
    BANK15           80      0       0
    BANK16           80      0       0
    BANK17           80      0       0
    BANK18           80      0       0
    BANK19           80      0       0
    BANK20           80      0       0
    BANK21           80      0       0
    BANK22           80      0       0
    BANK23           80      0       0
    BANK24           80      0       0
    BANK25           80      0       0
    BANK26           80      0       0
    BANK27           80      0       0
    BANK28           80      0       0
    BANK29           80      0       0
    BANK30           80      0       0
    BANK31           80      0       0
    BANK32           80      0       0
    BANK33           80      0       0
    BANK34           80      0       0
    BANK35           80      0       0
    BANK36           80      0       0
    BANK37           80      0       0
    BANK38           80      0       0
    BANK39           80      0       0
    BANK40           80      0       0
    BANK41           80      0       0
    BANK42           80      0       0
    BANK43           80      0       0
    BANK44           80      0       0
    BANK45           80      0       0
    BANK46           80      0       0
    BANK47           80      0       0
    BANK48           80      0       0
    BANK49           80      0       0
    BANK50           80      0       0

Pointer List with Targets:

    None.

Critical Paths under _main in COMMON

    None.

Critical Paths under _isr in COMMON

    None.

Critical Paths under _main in BANK0

    None.

Critical Paths under _isr in BANK0

    None.

Critical Paths under _main in BANK1

    None.

Critical Paths under _isr in BANK1

    None.

Critical Paths under _main in BANK2

    None.

Critical Paths under _isr in BANK2

    None.

Critical Paths under _main in BANK3

    None.

Critical Paths under _isr in BANK3

    None.

Critical Paths under _main in BANK4

    None.

Critical Paths under _isr in BANK4

    None.

Critical Paths under _main in BANK5

    None.

Critical Paths under _isr in BANK5

    None.

Critical Paths under _main in BANK6

    None.

Critical Paths under _isr in BANK6

    None.

Critical Paths under _main in BANK7

    None.

Critical Paths under _isr in BANK7

    None.

Critical Paths under _main in BANK8

    None.

Critical Paths under _isr in BANK8

    None.

Critical Paths under _main in BANK9

    None.

Critical Paths under _isr in BANK9

    None.

Critical Paths under _main in BANK10

    None.

Critical Paths under _isr in BANK10

    None.

Critical Paths under _main in BANK11

    None.

Critical Paths under _isr in BANK11

    None.

Critical Paths under _main in BANK12

    None.

Critical Paths under _isr in BANK12

    None.

Critical Paths under _main in BANK13

    None.

Critical Paths under _isr in BANK13

    None.

Critical Paths under _main in BANK14

    None.

Critical Paths under _isr in BANK14

    None.

Critical Paths under _main in BANK15

    None.

Critical Paths under _isr in BANK15

    None.

Critical Paths under _main in BANK16

    None.

Critical Paths under _isr in BANK16

    None.

Critical Paths under _main in BANK17

    None.

Critical Paths under _isr in BANK17

    None.

Critical Paths under _main in BANK18

    None.

Critical Paths under _isr in BANK18

    None.

Critical Paths under _main in BANK19

    None.

Critical Paths under _isr in BANK19

    None.

Critical Paths under _main in BANK20

    None.

Critical Paths under _isr in BANK20

    None.

Critical Paths under _main in BANK21

    None.

Critical Paths under _isr in BANK21

    None.

Critical Paths under _main in BANK22

    None.

Critical Paths under _isr in BANK22

    None.

Critical Paths under _main in BANK23

    None.

Critical Paths under _isr in BANK23

    None.

Critical Paths under _main in BANK24

    None.

Critical Paths under _isr in BANK24

    None.

Critical Paths under _main in BANK25

    None.

Critical Paths under _isr in BANK25

    None.

Critical Paths under _main in BANK26

    None.

Critical Paths under _isr in BANK26

    None.

Critical Paths under _main in BANK27

    None.

Critical Paths under _isr in BANK27

    None.

Critical Paths under _main in BANK28

    None.

Critical Paths under _isr in BANK28

    None.

Critical Paths under _main in BANK29

    None.

Critical Paths under _isr in BANK29

    None.

Critical Paths under _main in BANK30

    None.

Critical Paths under _isr in BANK30

    None.

Critical Paths under _main in BANK31

    None.

Critical Paths under _isr in BANK31

    None.

Critical Paths under _main in BANK32

    None.

Critical Paths under _isr in BANK32

    None.

Critical Paths under _main in BANK33

    None.

Critical Paths under _isr in BANK33

    None.

Critical Paths under _main in BANK34

    None.

Critical Paths under _isr in BANK34

    None.

Critical Paths under _main in BANK35

    None.

Critical Paths under _isr in BANK35

    None.

Critical Paths under _main in BANK36

    None.

Critical Paths under _isr in BANK36

    None.

Critical Paths under _main in BANK37

    None.

Critical Paths under _isr in BANK37

    None.

Critical Paths under _main in BANK38

    None.

Critical Paths under _isr in BANK38

    None.

Critical Paths under _main in BANK39

    None.

Critical Paths under _isr in BANK39

    None.

Critical Paths under _main in BANK40

    None.

Critical Paths under _isr in BANK40

    None.

Critical Paths under _main in BANK41

    None.

Critical Paths under _isr in BANK41

    None.

Critical Paths under _main in BANK42

    None.

Critical Paths under _isr in BANK42

    None.

Critical Paths under _main in BANK43

    None.

Critical Paths under _isr in BANK43

    None.

Critical Paths under _main in BANK44

    None.

Critical Paths under _isr in BANK44

    None.

Critical Paths under _main in BANK45

    None.

Critical Paths under _isr in BANK45

    None.

Critical Paths under _main in BANK46

    None.

Critical Paths under _isr in BANK46

    None.

Critical Paths under _main in BANK47

    None.

Critical Paths under _isr in BANK47

    None.

Critical Paths under _main in BANK48

    None.

Critical Paths under _isr in BANK48

    None.

Critical Paths under _main in BANK49

    None.

Critical Paths under _isr in BANK49

    None.

Critical Paths under _main in BANK50

    None.

Critical Paths under _isr in BANK50

    None.

Call Graph Tables:

 ---------------------------------------------------------------------------------
 (Depth) Function   	        Calls       Base Space   Used Autos Params    Refs
 ---------------------------------------------------------------------------------
 (0) _main                                                 4     0      4       0
                                              2 COMMON     4     0      4
 ---------------------------------------------------------------------------------
 Estimated maximum stack depth 0
 ---------------------------------------------------------------------------------
 (Depth) Function   	        Calls       Base Space   Used Autos Params    Refs
 ---------------------------------------------------------------------------------
 (1) _isr                                                  2     2      0       0
                                              0 COMMON     2     2      0
 ---------------------------------------------------------------------------------
 Estimated maximum stack depth 1
 ---------------------------------------------------------------------------------

 Call Graph Graphs:

 _main (ROOT)

 _isr (ROOT)

 Address spaces:
Name               Size   Autos  Total    Cost      Usage
BIGRAM             FF0      0       0       0        0.0%
EEDATA             100      0       0       0        0.0%
NULL                 0      0       0       0        0.0%
CODE                 0      0       0       0        0.0%
BITCOMMON            E      0       0       1        0.0%
BITSFR0              0      0       0       1        0.0%
SFR0                 0      0       0       1        0.0%
COMMON               E      6       7       2       50.0%
BITSFR1              0      0       0       2        0.0%
SFR1                 0      0       0       2        0.0%
BITSFR2              0      0       0       3        0.0%
SFR2                 0      0       0       3        0.0%
STACK                0      0       0       3        0.0%
BITBANK0            50      0       0       4        0.0%
BITSFR3              0      0       0       4        0.0%
SFR3                 0      0       0       4        0.0%
BANK0               50      0       0       5        0.0%
BITSFR4              0      0       0       5        0.0%
SFR4                 0      0       0       5        0.0%
BITBANK1            50      0       0       6        0.0%
BITSFR5              0      0       0       6        0.0%
SFR5                 0      0       0       6        0.0%
BANK1               50      0       0       7        0.0%
BITSFR6              0      0       0       7        0.0%
SFR6                 0      0       0       7        0.0%
BITBANK2            50      0       0       8        0.0%
BITSFR7              0      0       0       8        0.0%
SFR7                 0      0       0       8        0.0%
BANK2               50      0       0       9        0.0%
BITSFR8              0      0       0       9        0.0%
SFR8                 0      0       0       9        0.0%
BITBANK3            50      0       0      10        0.0%
BITSFR9              0      0       0      10        0.0%
SFR9                 0      0       0      10        0.0%
BANK3               50      0       0      11        0.0%
BITSFR10             0      0       0      11        0.0%
SFR10                0      0       0      11        0.0%
BITBANK4            50      0       0      12        0.0%
BITSFR11             0      0       0      12        0.0%
SFR11                0      0       0      12        0.0%
BANK4               50      0       0      13        0.0%
BITSFR12             0      0       0      13        0.0%
SFR12                0      0       0      13        0.0%
BITBANK5            50      0       0      14        0.0%
BITSFR13             0      0       0      14        0.0%
SFR13                0      0       0      14        0.0%
BANK5               50      0       0      15        0.0%
BITSFR14             0      0       0      15        0.0%
SFR14                0      0       0      15        0.0%
BITBANK6            50      0       0      16        0.0%
BITSFR15             0      0       0      16        0.0%
SFR15                0      0       0      16        0.0%
BANK6               50      0       0      17        0.0%
BITSFR16             0      0       0      17        0.0%
SFR16                0      0       0      17        0.0%
BITBANK7            50      0       0      18        0.0%
BITSFR17             0      0       0      18        0.0%
SFR17                0      0       0      18        0.0%
BANK7               50      0       0      19        0.0%
BITSFR18             0      0       0      19        0.0%
SFR18                0      0       0      19        0.0%
BITBANK8            50      0       0      20        0.0%
BITSFR19             0      0       0      20        0.0%
SFR19                0      0       0      20        0.0%
BANK8               50      0       0      21        0.0%
BITSFR20             0      0       0      21        0.0%
SFR20                0      0       0      21        0.0%
BITBANK9            50      0       0      22        0.0%
BITSFR21             0      0       0      22        0.0%
SFR21                0      0       0      22        0.0%
BANK9               50      0       0      23        0.0%
BITSFR22             0      0       0      23        0.0%
SFR22                0      0       0      23        0.0%
BITBANK10           50      0       0      24        0.0%
BITSFR23             0      0       0      24        0.0%
SFR23                0      0       0      24        0.0%
BANK10              50      0       0      25        0.0%
BITSFR24             0      0       0      25        0.0%
SFR24                0      0       0      25        0.0%
BITBANK11           50      0       0      26        0.0%
BITSFR25             0      0       0      26        0.0%
SFR25                0      0       0      26        0.0%
BANK11              50      0       0      27        0.0%
BITSFR26             0      0       0      27        0.0%
SFR26                0      0       0      27        0.0%
BITSFR27             0      0       0      28        0.0%
SFR27                0      0       0      28        0.0%
ABS                  0      0       7      28        0.0%
BITBANK12           50      0       0      29        0.0%
BITSFR28             0      0       0      29        0.0%
SFR28                0      0       0      29        0.0%
BANK12              50      0       0      30        0.0%
BITSFR29             0      0       0      30        0.0%
SFR29                0      0       0      30        0.0%
BITBANK13           50      0       0      31        0.0%
BITSFR30             0      0       0      31        0.0%
SFR30                0      0       0      31        0.0%
BANK13              50      0       0      32        0.0%
BITSFR31             0      0       0      32        0.0%
SFR31                0      0       0      32        0.0%
BITBANK14           50      0       0      33        0.0%
BITSFR32             0      0       0      33        0.0%
SFR32                0      0       0      33        0.0%
BANK14              50      0       0      34        0.0%
BITSFR33             0      0       0      34        0.0%
SFR33                0      0       0      34        0.0%
BITBANK15           50      0       0      35        0.0%
BITSFR34             0      0       0      35        0.0%
SFR34                0      0       0      35        0.0%
BANK15              50      0       0      36        0.0%
BITSFR35             0      0       0      36        0.0%
SFR35                0      0       0      36        0.0%
BITBANK16           50      0       0      37        0.0%
BITSFR36             0      0       0      37        0.0%
SFR36                0      0       0      37        0.0%
BANK16              50      0       0      38        0.0%
BITSFR37             0      0       0      38        0.0%
SFR37                0      0       0      38        0.0%
BITBANK17           50      0       0      39        0.0%
BITSFR38             0      0       0      39        0.0%
SFR38                0      0       0      39        0.0%
BANK17              50      0       0      40        0.0%
BITSFR39             0      0       0      40        0.0%
SFR39                0      0       0      40        0.0%
BITBANK18           50      0       0      41        0.0%
BITSFR40             0      0       0      41        0.0%
SFR40                0      0       0      41        0.0%
BANK18              50      0       0      42        0.0%
BITSFR41             0      0       0      42        0.0%
SFR41                0      0       0      42        0.0%
BITBANK19           50      0       0      43        0.0%
BITSFR42             0      0       0      43        0.0%
SFR42                0      0       0      43        0.0%
BANK19              50      0       0      44        0.0%
BITSFR43             0      0       0      44        0.0%
SFR43                0      0       0      44        0.0%
BITBANK20           50      0       0      45        0.0%
BITSFR44             0      0       0      45        0.0%
SFR44                0      0       0      45        0.0%
BANK20              50      0       0      46        0.0%
BITSFR45             0      0       0      46        0.0%
SFR45                0      0       0      46        0.0%
BITBANK21           50      0       0      47        0.0%
BITSFR46             0      0       0      47        0.0%
SFR46                0      0       0      47        0.0%
BANK21              50      0       0      48        0.0%
BITSFR47             0      0       0      48        0.0%
SFR47                0      0       0      48        0.0%
BITBANK22           50      0       0      49        0.0%
BITSFR48             0      0       0      49        0.0%
SFR48                0      0       0      49        0.0%
BANK22              50      0       0      50        0.0%
BITSFR49             0      0       0      50        0.0%
SFR49                0      0       0      50        0.0%
BITBANK23           50      0       0      51        0.0%
BITSFR50             0      0       0      51        0.0%
SFR50                0      0       0      51        0.0%
BANK23              50      0       0      52        0.0%
BITSFR51             0      0       0      52        0.0%
SFR51                0      0       0      52        0.0%
BITBANK24           50      0       0      53        0.0%
BITSFR52             0      0       0      53        0.0%
SFR52                0      0       0      53        0.0%
BANK24              50      0       0      54        0.0%
BITSFR53             0      0       0      54        0.0%
SFR53                0      0       0      54        0.0%
BITBANK25           50      0       0      55        0.0%
BITSFR54             0      0       0      55        0.0%
SFR54                0      0       0      55        0.0%
BANK25              50      0       0      56        0.0%
BITSFR55             0      0       0      56        0.0%
SFR55                0      0       0      56        0.0%
BITBANK26           50      0       0      57        0.0%
BITSFR56             0      0       0      57        0.0%
SFR56                0      0       0      57        0.0%
BANK26              50      0       0      58        0.0%
BITSFR57             0      0       0      58        0.0%
SFR57                0      0       0      58        0.0%
BITSFR58             0      0       0      59        0.0%
SFR58                0      0       0      59        0.0%
DATA                 0      0       7      59        0.0%
BITBANK27           50      0       0      60        0.0%
BITSFR59             0      0       0      60        0.0%
SFR59                0      0       0      60        0.0%
BANK27              50      0       0      61        0.0%
BITSFR60             0      0       0      61        0.0%
SFR60                0      0       0      61        0.0%
BITBANK28           50      0       0      62        0.0%
BITSFR61             0      0       0      62        0.0%
SFR61                0      0       0      62        0.0%
BANK28              50      0       0      63        0.0%
BITSFR62             0      0       0      63        0.0%
SFR62                0      0       0      63        0.0%
BITBANK29           50      0       0      64        0.0%
BITSFR63             0      0       0      64        0.0%
SFR63                0      0       0      64        0.0%
BANK29              50      0       0      65        0.0%
BITBANK30           50      0       0      66        0.0%
BANK30              50      0       0      67        0.0%
BITBANK31           50      0       0      68        0.0%
BANK31              50      0       0      69        0.0%
BITBANK32           50      0       0      70        0.0%
BANK32              50      0       0      71        0.0%
BITBANK33           50      0       0      72        0.0%
BANK33              50      0       0      73        0.0%
BITBANK34           50      0       0      74        0.0%
BANK34              50      0       0      75        0.0%
BITBANK35           50      0       0      76        0.0%
BANK35              50      0       0      77        0.0%
BITBANK36           50      0       0      78        0.0%
BANK36              50      0       0      79        0.0%
BITBANK37           50      0       0      80        0.0%
BANK37              50      0       0      81        0.0%
BITBANK38           50      0       0      82        0.0%
BANK38              50      0       0      83        0.0%
BITBANK39           50      0       0      84        0.0%
BANK39              50      0       0      85        0.0%
BITBANK40           50      0       0      86        0.0%
BANK40              50      0       0      87        0.0%
BITBANK41           50      0       0      88        0.0%
BANK41              50      0       0      89        0.0%
BITBANK42           50      0       0      90        0.0%
BANK42              50      0       0      91        0.0%
BITBANK43           50      0       0      92        0.0%
BANK43              50      0       0      93        0.0%
BITBANK44           50      0       0      94        0.0%
BANK44              50      0       0      95        0.0%
BITBANK45           50      0       0      96        0.0%
BANK45              50      0       0      97        0.0%
BITBANK46           50      0       0      98        0.0%
BANK46              50      0       0      99        0.0%
BITBANK47           50      0       0     100        0.0%
BANK47              50      0       0     101        0.0%
BITBANK48           50      0       0     102        0.0%
BANK48              50      0       0     103        0.0%
BITBANK49           50      0       0     104        0.0%
BANK49              50      0       0     105        0.0%
BITBANK50           50      0       0     106        0.0%
BANK50              50      0       0     107        0.0%


Microchip Technology PIC Macro Assembler V1.45 build -152302408 
Symbol Table                                                                                   Wed Oct 17 15:51:30 2018

            __CFG_CP$OFF 0000                       l50 0055              __CFG_LVP$ON 0000  
           __CFG_CPD$OFF 0000                      _isr 0004             __CFG_BORV$LO 0000  
           _BAUD1CONbits 011F             __CFG_ZCD$OFF 0000                     ?_isr 0070  
                   i1l44 0026             __CFG_WRT$OFF 0000            __CFG_FCMEN$ON 0000  
                   _dato 0076                     _main 0034                     btemp 007E  
          __CFG_BOREN$ON 0000                     start 002D            __CFG_CSWEN$ON 0000  
          __CFG_MCLRE$ON 0000                    ??_isr 0070                    ?_main 0072  
          __CFG_WDTE$OFF 0000                    i1l521 001A                    i1l525 0020  
                  i1l517 0014                    _SPBRG 011B                    _PORTB 000D  
                  _PORTC 000E                    _TRISB 0012                    _TRISC 0013  
                  _RXPPS 1ECB            __CFG_PWRTE$ON 0000                    status 0003  
                  wtemp0 007E          __initialization 002F             __end_of_main 0056  
                 ??_main 0076                   _ANSELB 1F43                   _ANSELC 1F4E  
                 _RC1REG 0119           __CFG_WDTCCS$SC 0000           __CFG_STVREN$ON 0000  
__end_of__initialization 0030           __pcstackCOMMON 0070               __pmaintext 0034  
        __CFG_PPS1WAY$ON 0000               __pintentry 0004      __CFG_RSTOSC$HFINT32 0000  
   __CFG_SCANE$available 0000             __size_of_isr 0029     end_of_initialization 0030  
  __CFG_WDTCPS$WDTCPS_31 0000         __CFG_FEXTOSC$OFF 0000      start_initialization 002F  
            __end_of_isr 002D         __CFG_LPBOREN$OFF 0000              __pbssCOMMON 0076  
              ___latbits 0004                 _LATBbits 0017                 _PIE3bits 0719  
               _PIR3bits 070F            __size_of_main 0022     __CFG_WDTCWS$WDTCWS_7 0000  
             _RC1STAbits 011D                 int$flags 007E                 main@argc 0072  
               main@argv 0074               _INTCONbits 000B                 intlevel1 0000  
      __CFG_CLKOUTEN$OFF 0000               _OSCFRQbits 0893               _TX1STAbits 011E  
