

Microchip Technology PIC LITE Macro Assembler V1.45 build -152302408 
                                                                                               Wed Oct 03 10:58:37 2018

Microchip Technology Omniscient Code Generator v1.45 (Free mode) build 201711160504
     1                           	processor	16F18877
     2                           	opt	pw 120
     3                           	opt	lm
     4                           	psect	idataCOMMON,global,class=CODE,delta=2
     5                           	psect	cinit,global,class=CODE,merge=1,delta=2
     6                           	psect	bssCOMMON,global,class=COMMON,space=1,delta=1
     7                           	psect	dataCOMMON,global,class=COMMON,space=1,delta=1
     8                           	psect	cstackCOMMON,global,class=COMMON,space=1,delta=1
     9                           	psect	maintext,global,class=CODE,merge=1,split=1,delta=2
    10                           	psect	intentry,global,class=CODE,delta=2
    11                           	dabs	1,0x7E,2
    12  0000                     
    13                           ; Version 1.45
    14                           ; Generated 16/11/2017 GMT
    15                           ; 
    16                           ; Copyright © 2017, Microchip Technology Inc. and its subsidiaries ("Microchip")
    17                           ; All rights reserved.
    18                           ; 
    19                           ; This software is developed by Microchip Technology Inc. and its subsidiaries ("Microch
      +                          ip").
    20                           ; 
    21                           ; Redistribution and use in source and binary forms, with or without modification, are
    22                           ; permitted provided that the following conditions are met:
    23                           ; 
    24                           ;     1. Redistributions of source code must retain the above copyright notice, this lis
      +                          t of
    25                           ;        conditions and the following disclaimer.
    26                           ; 
    27                           ;     2. Redistributions in binary form must reproduce the above copyright notice, this 
      +                          list
    28                           ;        of conditions and the following disclaimer in the documentation and/or other
    29                           ;        materials provided with the distribution.
    30                           ; 
    31                           ;     3. Microchip's name may not be used to endorse or promote products derived from th
      +                          is
    32                           ;        software without specific prior written permission.
    33                           ; 
    34                           ; THIS SOFTWARE IS PROVIDED BY MICROCHIP "AS IS" AND ANY EXPRESS OR IMPLIED WARRANTIES,
    35                           ; INCLUDING, BUT NOT LIMITED TO, THE IMPLIED WARRANTIES OF MERCHANTABILITY AND FITNESS F
      +                          OR
    36                           ; PURPOSE ARE DISCLAIMED.  IN NO EVENT SHALL MICROCHIP BE LIABLE FOR ANY DIRECT, INDIREC
      +                          T,
    37                           ; INCIDENTAL, SPECIAL, EXEMPLARY, OR CONSEQUENTIAL DAMAGES (INCLUDING BUT NOT LIMITED TO
    38                           ; PROCUREMENT OF SUBSTITUTE GOODS OR SERVICES; LOSS OF USE, DATA OR PROFITS; OR BUSINESS
    39                           ; INTERRUPTION) HOWSOEVER CAUSED AND ON ANY THEORY OF LIABILITY, WHETHER IN CONTRACT, ST
      +                          RICT
    40                           ; LIABILITY, OR TORT (INCLUDING NEGLIGENCE OR OTHERWISE) ARISING IN ANY WAY OUT OF THE U
      +                          SE OF
    41                           ; THIS SOFTWARE, EVEN IF ADVISED OF THE POSSIBILITY OF SUCH DAMAGE.
    42                           ; 
    43                           ; 
    44                           ; Code-generator required, PIC16F18877 Definitions
    45                           ; 
    46                           ; SFR Addresses
    47  0000                     	;# 
    48  0001                     	;# 
    49  0002                     	;# 
    50  0003                     	;# 
    51  0004                     	;# 
    52  0005                     	;# 
    53  0006                     	;# 
    54  0007                     	;# 
    55  0008                     	;# 
    56  0009                     	;# 
    57  000A                     	;# 
    58  000B                     	;# 
    59  000C                     	;# 
    60  000D                     	;# 
    61  000E                     	;# 
    62  000F                     	;# 
    63  0010                     	;# 
    64  0011                     	;# 
    65  0012                     	;# 
    66  0013                     	;# 
    67  0014                     	;# 
    68  0015                     	;# 
    69  0016                     	;# 
    70  0017                     	;# 
    71  0018                     	;# 
    72  0019                     	;# 
    73  001A                     	;# 
    74  001C                     	;# 
    75  001C                     	;# 
    76  001D                     	;# 
    77  001D                     	;# 
    78  001E                     	;# 
    79  001F                     	;# 
    80  008C                     	;# 
    81  008C                     	;# 
    82  008D                     	;# 
    83  008E                     	;# 
    84  008E                     	;# 
    85  008F                     	;# 
    86  0090                     	;# 
    87  0090                     	;# 
    88  0091                     	;# 
    89  0093                     	;# 
    90  0094                     	;# 
    91  0095                     	;# 
    92  0096                     	;# 
    93  0097                     	;# 
    94  0098                     	;# 
    95  0099                     	;# 
    96  009A                     	;# 
    97  009B                     	;# 
    98  009C                     	;# 
    99  009D                     	;# 
   100  009E                     	;# 
   101  010C                     	;# 
   102  010D                     	;# 
   103  010E                     	;# 
   104  010E                     	;# 
   105  010F                     	;# 
   106  0110                     	;# 
   107  0110                     	;# 
   108  0111                     	;# 
   109  0112                     	;# 
   110  0112                     	;# 
   111  0113                     	;# 
   112  0114                     	;# 
   113  0114                     	;# 
   114  0115                     	;# 
   115  0116                     	;# 
   116  0116                     	;# 
   117  0117                     	;# 
   118  0119                     	;# 
   119  0119                     	;# 
   120  0119                     	;# 
   121  011A                     	;# 
   122  011A                     	;# 
   123  011A                     	;# 
   124  011B                     	;# 
   125  011B                     	;# 
   126  011B                     	;# 
   127  011B                     	;# 
   128  011B                     	;# 
   129  011C                     	;# 
   130  011C                     	;# 
   131  011C                     	;# 
   132  011D                     	;# 
   133  011D                     	;# 
   134  011D                     	;# 
   135  011E                     	;# 
   136  011E                     	;# 
   137  011E                     	;# 
   138  011F                     	;# 
   139  011F                     	;# 
   140  011F                     	;# 
   141  011F                     	;# 
   142  011F                     	;# 
   143  018C                     	;# 
   144  018D                     	;# 
   145  018E                     	;# 
   146  018F                     	;# 
   147  0190                     	;# 
   148  0191                     	;# 
   149  0192                     	;# 
   150  0196                     	;# 
   151  0197                     	;# 
   152  0198                     	;# 
   153  0199                     	;# 
   154  019A                     	;# 
   155  019B                     	;# 
   156  019C                     	;# 
   157  020C                     	;# 
   158  020C                     	;# 
   159  020D                     	;# 
   160  020E                     	;# 
   161  020F                     	;# 
   162  020F                     	;# 
   163  0210                     	;# 
   164  0210                     	;# 
   165  0211                     	;# 
   166  0211                     	;# 
   167  0212                     	;# 
   168  0212                     	;# 
   169  0213                     	;# 
   170  0214                     	;# 
   171  0215                     	;# 
   172  0215                     	;# 
   173  0216                     	;# 
   174  0216                     	;# 
   175  0217                     	;# 
   176  0217                     	;# 
   177  0218                     	;# 
   178  0218                     	;# 
   179  0219                     	;# 
   180  021A                     	;# 
   181  021B                     	;# 
   182  021B                     	;# 
   183  021C                     	;# 
   184  021C                     	;# 
   185  021D                     	;# 
   186  021D                     	;# 
   187  021E                     	;# 
   188  021F                     	;# 
   189  028C                     	;# 
   190  028C                     	;# 
   191  028D                     	;# 
   192  028D                     	;# 
   193  028E                     	;# 
   194  028F                     	;# 
   195  0290                     	;# 
   196  0290                     	;# 
   197  0291                     	;# 
   198  0292                     	;# 
   199  0292                     	;# 
   200  0293                     	;# 
   201  0293                     	;# 
   202  0294                     	;# 
   203  0295                     	;# 
   204  0296                     	;# 
   205  0296                     	;# 
   206  0297                     	;# 
   207  0298                     	;# 
   208  0298                     	;# 
   209  0299                     	;# 
   210  0299                     	;# 
   211  029A                     	;# 
   212  029B                     	;# 
   213  029C                     	;# 
   214  029C                     	;# 
   215  029D                     	;# 
   216  030C                     	;# 
   217  030C                     	;# 
   218  030D                     	;# 
   219  030E                     	;# 
   220  030F                     	;# 
   221  0310                     	;# 
   222  0310                     	;# 
   223  0311                     	;# 
   224  0312                     	;# 
   225  0313                     	;# 
   226  0314                     	;# 
   227  0314                     	;# 
   228  0315                     	;# 
   229  0316                     	;# 
   230  0317                     	;# 
   231  0318                     	;# 
   232  0318                     	;# 
   233  0319                     	;# 
   234  031A                     	;# 
   235  031B                     	;# 
   236  031C                     	;# 
   237  031C                     	;# 
   238  031D                     	;# 
   239  031E                     	;# 
   240  031F                     	;# 
   241  038C                     	;# 
   242  038D                     	;# 
   243  038E                     	;# 
   244  0390                     	;# 
   245  0391                     	;# 
   246  0392                     	;# 
   247  040C                     	;# 
   248  040D                     	;# 
   249  040E                     	;# 
   250  040F                     	;# 
   251  0410                     	;# 
   252  0411                     	;# 
   253  0416                     	;# 
   254  0416                     	;# 
   255  0417                     	;# 
   256  0418                     	;# 
   257  0418                     	;# 
   258  0419                     	;# 
   259  041A                     	;# 
   260  041A                     	;# 
   261  041B                     	;# 
   262  041C                     	;# 
   263  041C                     	;# 
   264  041D                     	;# 
   265  041E                     	;# 
   266  041F                     	;# 
   267  048C                     	;# 
   268  048C                     	;# 
   269  048D                     	;# 
   270  048E                     	;# 
   271  048F                     	;# 
   272  048F                     	;# 
   273  0490                     	;# 
   274  0491                     	;# 
   275  0492                     	;# 
   276  0492                     	;# 
   277  0493                     	;# 
   278  0494                     	;# 
   279  0495                     	;# 
   280  0495                     	;# 
   281  0496                     	;# 
   282  0497                     	;# 
   283  0498                     	;# 
   284  0499                     	;# 
   285  049A                     	;# 
   286  049B                     	;# 
   287  049C                     	;# 
   288  049D                     	;# 
   289  050C                     	;# 
   290  050C                     	;# 
   291  050D                     	;# 
   292  050E                     	;# 
   293  050F                     	;# 
   294  050F                     	;# 
   295  0510                     	;# 
   296  0511                     	;# 
   297  0512                     	;# 
   298  0512                     	;# 
   299  0513                     	;# 
   300  0514                     	;# 
   301  0515                     	;# 
   302  0515                     	;# 
   303  0516                     	;# 
   304  0517                     	;# 
   305  0518                     	;# 
   306  0519                     	;# 
   307  051A                     	;# 
   308  051B                     	;# 
   309  051C                     	;# 
   310  051D                     	;# 
   311  058C                     	;# 
   312  058C                     	;# 
   313  058D                     	;# 
   314  058E                     	;# 
   315  058F                     	;# 
   316  058F                     	;# 
   317  0590                     	;# 
   318  0591                     	;# 
   319  0592                     	;# 
   320  0593                     	;# 
   321  060C                     	;# 
   322  060D                     	;# 
   323  060E                     	;# 
   324  060F                     	;# 
   325  0610                     	;# 
   326  0611                     	;# 
   327  0612                     	;# 
   328  0613                     	;# 
   329  0614                     	;# 
   330  0616                     	;# 
   331  0617                     	;# 
   332  0618                     	;# 
   333  0619                     	;# 
   334  061A                     	;# 
   335  061B                     	;# 
   336  061C                     	;# 
   337  061D                     	;# 
   338  061E                     	;# 
   339  068C                     	;# 
   340  068D                     	;# 
   341  068E                     	;# 
   342  068F                     	;# 
   343  0690                     	;# 
   344  0691                     	;# 
   345  0692                     	;# 
   346  0693                     	;# 
   347  0694                     	;# 
   348  070C                     	;# 
   349  070D                     	;# 
   350  070E                     	;# 
   351  070F                     	;# 
   352  0710                     	;# 
   353  0711                     	;# 
   354  0712                     	;# 
   355  0713                     	;# 
   356  0714                     	;# 
   357  0716                     	;# 
   358  0717                     	;# 
   359  0718                     	;# 
   360  0719                     	;# 
   361  071A                     	;# 
   362  071B                     	;# 
   363  071C                     	;# 
   364  071D                     	;# 
   365  071E                     	;# 
   366  0796                     	;# 
   367  0797                     	;# 
   368  0798                     	;# 
   369  0799                     	;# 
   370  079A                     	;# 
   371  079B                     	;# 
   372  080C                     	;# 
   373  080D                     	;# 
   374  080E                     	;# 
   375  080F                     	;# 
   376  0810                     	;# 
   377  0811                     	;# 
   378  0812                     	;# 
   379  0813                     	;# 
   380  0814                     	;# 
   381  081A                     	;# 
   382  081B                     	;# 
   383  081C                     	;# 
   384  081D                     	;# 
   385  081E                     	;# 
   386  081F                     	;# 
   387  088C                     	;# 
   388  088D                     	;# 
   389  088E                     	;# 
   390  088F                     	;# 
   391  0890                     	;# 
   392  0891                     	;# 
   393  0892                     	;# 
   394  0893                     	;# 
   395  0895                     	;# 
   396  0896                     	;# 
   397  0897                     	;# 
   398  0898                     	;# 
   399  0899                     	;# 
   400  089A                     	;# 
   401  089B                     	;# 
   402  090C                     	;# 
   403  090E                     	;# 
   404  090F                     	;# 
   405  091F                     	;# 
   406  098F                     	;# 
   407  098F                     	;# 
   408  0990                     	;# 
   409  0991                     	;# 
   410  0992                     	;# 
   411  0993                     	;# 
   412  0994                     	;# 
   413  0995                     	;# 
   414  0996                     	;# 
   415  0997                     	;# 
   416  1E0F                     	;# 
   417  1E10                     	;# 
   418  1E11                     	;# 
   419  1E12                     	;# 
   420  1E13                     	;# 
   421  1E14                     	;# 
   422  1E15                     	;# 
   423  1E16                     	;# 
   424  1E17                     	;# 
   425  1E18                     	;# 
   426  1E19                     	;# 
   427  1E1A                     	;# 
   428  1E1B                     	;# 
   429  1E1C                     	;# 
   430  1E1D                     	;# 
   431  1E1E                     	;# 
   432  1E1F                     	;# 
   433  1E20                     	;# 
   434  1E21                     	;# 
   435  1E22                     	;# 
   436  1E23                     	;# 
   437  1E24                     	;# 
   438  1E25                     	;# 
   439  1E26                     	;# 
   440  1E27                     	;# 
   441  1E28                     	;# 
   442  1E29                     	;# 
   443  1E2A                     	;# 
   444  1E2B                     	;# 
   445  1E2C                     	;# 
   446  1E2D                     	;# 
   447  1E2E                     	;# 
   448  1E2F                     	;# 
   449  1E30                     	;# 
   450  1E31                     	;# 
   451  1E32                     	;# 
   452  1E33                     	;# 
   453  1E34                     	;# 
   454  1E35                     	;# 
   455  1E36                     	;# 
   456  1E37                     	;# 
   457  1E8F                     	;# 
   458  1E90                     	;# 
   459  1E91                     	;# 
   460  1E92                     	;# 
   461  1E93                     	;# 
   462  1E94                     	;# 
   463  1E95                     	;# 
   464  1E96                     	;# 
   465  1E97                     	;# 
   466  1E9C                     	;# 
   467  1E9D                     	;# 
   468  1E9E                     	;# 
   469  1EA1                     	;# 
   470  1EA2                     	;# 
   471  1EA3                     	;# 
   472  1EA4                     	;# 
   473  1EA5                     	;# 
   474  1EA9                     	;# 
   475  1EAA                     	;# 
   476  1EAB                     	;# 
   477  1EAC                     	;# 
   478  1EB1                     	;# 
   479  1EB2                     	;# 
   480  1EB3                     	;# 
   481  1EB8                     	;# 
   482  1EB9                     	;# 
   483  1EBA                     	;# 
   484  1EBB                     	;# 
   485  1EBC                     	;# 
   486  1EBD                     	;# 
   487  1EBE                     	;# 
   488  1EC3                     	;# 
   489  1EC5                     	;# 
   490  1EC6                     	;# 
   491  1EC7                     	;# 
   492  1EC8                     	;# 
   493  1EC9                     	;# 
   494  1ECA                     	;# 
   495  1ECB                     	;# 
   496  1ECC                     	;# 
   497  1F10                     	;# 
   498  1F11                     	;# 
   499  1F12                     	;# 
   500  1F13                     	;# 
   501  1F14                     	;# 
   502  1F15                     	;# 
   503  1F16                     	;# 
   504  1F17                     	;# 
   505  1F18                     	;# 
   506  1F19                     	;# 
   507  1F1A                     	;# 
   508  1F1B                     	;# 
   509  1F1C                     	;# 
   510  1F1D                     	;# 
   511  1F1E                     	;# 
   512  1F1F                     	;# 
   513  1F20                     	;# 
   514  1F21                     	;# 
   515  1F22                     	;# 
   516  1F23                     	;# 
   517  1F24                     	;# 
   518  1F25                     	;# 
   519  1F26                     	;# 
   520  1F27                     	;# 
   521  1F28                     	;# 
   522  1F29                     	;# 
   523  1F2A                     	;# 
   524  1F2B                     	;# 
   525  1F2C                     	;# 
   526  1F2D                     	;# 
   527  1F2E                     	;# 
   528  1F2F                     	;# 
   529  1F30                     	;# 
   530  1F31                     	;# 
   531  1F32                     	;# 
   532  1F38                     	;# 
   533  1F39                     	;# 
   534  1F3A                     	;# 
   535  1F3B                     	;# 
   536  1F3C                     	;# 
   537  1F3D                     	;# 
   538  1F3E                     	;# 
   539  1F3F                     	;# 
   540  1F40                     	;# 
   541  1F41                     	;# 
   542  1F43                     	;# 
   543  1F44                     	;# 
   544  1F45                     	;# 
   545  1F46                     	;# 
   546  1F47                     	;# 
   547  1F48                     	;# 
   548  1F49                     	;# 
   549  1F4A                     	;# 
   550  1F4B                     	;# 
   551  1F4C                     	;# 
   552  1F4E                     	;# 
   553  1F4F                     	;# 
   554  1F50                     	;# 
   555  1F51                     	;# 
   556  1F52                     	;# 
   557  1F53                     	;# 
   558  1F54                     	;# 
   559  1F55                     	;# 
   560  1F56                     	;# 
   561  1F57                     	;# 
   562  1F59                     	;# 
   563  1F5A                     	;# 
   564  1F5B                     	;# 
   565  1F5C                     	;# 
   566  1F5D                     	;# 
   567  1F61                     	;# 
   568  1F62                     	;# 
   569  1F64                     	;# 
   570  1F65                     	;# 
   571  1F66                     	;# 
   572  1F67                     	;# 
   573  1F68                     	;# 
   574  1F69                     	;# 
   575  1F6A                     	;# 
   576  1F6B                     	;# 
   577  1F6C                     	;# 
   578  1F6D                     	;# 
   579  1FE4                     	;# 
   580  1FE5                     	;# 
   581  1FE6                     	;# 
   582  1FE7                     	;# 
   583  1FE8                     	;# 
   584  1FE9                     	;# 
   585  1FEA                     	;# 
   586  1FEB                     	;# 
   587  1FED                     	;# 
   588  1FEE                     	;# 
   589  1FEF                     	;# 
   590                           
   591                           	psect	idataCOMMON
   592  0078                     __pidataCOMMON:	
   593                           
   594                           ;initializer for _precarga100
   595  0078  34F0               	retlw	240
   596  0079  34D8               	retlw	216
   597                           
   598                           ;initializer for _precarga1k
   599  007A  3418               	retlw	24
   600  007B  34FC               	retlw	252
   601  000F                     _PORTDbits	set	15
   602  000B                     _INTCONbits	set	11
   603  0014                     _TRISDbits	set	20
   604  000F                     _PORTD	set	15
   605  0019                     _LATDbits	set	25
   606  020C                     _TMR1	set	524
   607  0211                     _T1CLKbits	set	529
   608  020E                     _T1CONbits	set	526
   609  071A                     _PIE4bits	set	1818
   610  0710                     _PIR4bits	set	1808
   611  0893                     _OSCFRQbits	set	2195
   612  1F59                     _ANSELD	set	8025
   613                           
   614                           ; #config settings
   615  0000                     
   616                           	psect	cinit
   617  0035                     start_initialization:	
   618  0035                     __initialization:	
   619                           
   620                           ; Initialize objects allocated to COMMON
   621  0035  3180  2078  3180   	fcall	__pidataCOMMON	;fetch initializer
   622  0038  00F6               	movwf	__pdataCOMMON& (0+127)
   623  0039  3180  2079  3180   	fcall	__pidataCOMMON+1	;fetch initializer
   624  003C  00F7               	movwf	(__pdataCOMMON+1)& (0+127)
   625  003D  3180  207A  3180   	fcall	__pidataCOMMON+2	;fetch initializer
   626  0040  00F8               	movwf	(__pdataCOMMON+2)& (0+127)
   627  0041  3180  207B         	fcall	__pidataCOMMON+3	;fetch initializer
   628  0043  00F9               	movwf	(__pdataCOMMON+3)& (0+127)
   629                           
   630                           ; Clear objects allocated to COMMON
   631  0044  01FA               	clrf	__pbssCOMMON& (0+127)
   632  0045  01FB               	clrf	(__pbssCOMMON+1)& (0+127)
   633  0046                     end_of_initialization:	
   634                           ;End of C runtime variable initialization code
   635                           
   636  0046                     __end_of__initialization:	
   637  0046  107E               	bcf	int$flags,0	;clear compiler interrupt flag (level 1)
   638  0047  0140               	movlb	0
   639  0048  3180  284A         	ljmp	_main	;jump to C main() function
   640                           
   641                           	psect	bssCOMMON
   642  007A                     __pbssCOMMON:	
   643  007A                     _seleccion:	
   644  007A                     	ds	2
   645                           
   646                           	psect	dataCOMMON
   647  0076                     __pdataCOMMON:	
   648  0076                     _precarga100:	
   649  0076                     	ds	2
   650  0078                     _precarga1k:	
   651  0078                     	ds	2
   652                           
   653                           	psect	cstackCOMMON
   654  0070                     __pcstackCOMMON:	
   655  0070                     ?_interrupcion:	
   656  0070                     ??_interrupcion:	
   657                           ; 1 bytes @ 0x0
   658                           
   659                           
   660                           ; 1 bytes @ 0x0
   661  0070                     	ds	2
   662  0072                     ?_main:	
   663  0072                     main@argc:	
   664                           ; 2 bytes @ 0x2
   665                           
   666                           
   667                           ; 2 bytes @ 0x2
   668  0072                     	ds	2
   669  0074                     main@argv:	
   670                           
   671                           ; 2 bytes @ 0x4
   672  0074                     	ds	2
   673  0076                     ??_main:	
   674                           
   675                           	psect	maintext
   676  004A                     __pmaintext:	
   677                           ; 1 bytes @ 0x6
   678 ;;
   679 ;;Main: autosize = 0, tempsize = 0, incstack = 0, save=0
   680 ;;
   681 ;; *************** function _main *****************
   682 ;; Defined at:
   683 ;;		line 36 in file "main.c"
   684 ;; Parameters:    Size  Location     Type
   685 ;;  argc            2    2[COMMON] int 
   686 ;;  argv            2    4[COMMON] PTR PTR unsigned char 
   687 ;; Auto vars:     Size  Location     Type
   688 ;;		None
   689 ;; Return value:  Size  Location     Type
   690 ;;                  2    2[COMMON] int 
   691 ;; Registers used:
   692 ;;		wreg, status,2, status,0
   693 ;; Tracked objects:
   694 ;;		On entry : B3F/0
   695 ;;		On exit  : 0/0
   696 ;;		Unchanged: 0/0
   697 ;; Data sizes:     COMMON   BANK0   BANK1   BANK2   BANK3   BANK4   BANK5   BANK6   BANK7   BANK8   BANK9  BANK10  BANK1
      +1  BANK12  BANK13  BANK14  BANK15  BANK16  BANK17  BANK18  BANK19  BANK20  BANK21  BANK22  BANK23  BANK24  BANK25  BANK2
      +6  BANK27  BANK28  BANK29  BANK30  BANK31  BANK32  BANK33  BANK34  BANK35  BANK36  BANK37  BANK38  BANK39  BANK40  BANK4
      +1  BANK42  BANK43  BANK44  BANK45  BANK46  BANK47  BANK48  BANK49  BANK50
   698 ;;      Params:         4       0       0       0       0       0       0       0       0       0       0       0       
      +0       0       0       0       0       0       0       0       0       0       0       0       0       0       0       
      +0       0       0       0       0       0       0       0       0       0       0       0       0       0       0       
      +0       0       0       0       0       0       0       0       0       0
   699 ;;      Locals:         0       0       0       0       0       0       0       0       0       0       0       0       
      +0       0       0       0       0       0       0       0       0       0       0       0       0       0       0       
      +0       0       0       0       0       0       0       0       0       0       0       0       0       0       0       
      +0       0       0       0       0       0       0       0       0       0
   700 ;;      Temps:          0       0       0       0       0       0       0       0       0       0       0       0       
      +0       0       0       0       0       0       0       0       0       0       0       0       0       0       0       
      +0       0       0       0       0       0       0       0       0       0       0       0       0       0       0       
      +0       0       0       0       0       0       0       0       0       0
   701 ;;      Totals:         4       0       0       0       0       0       0       0       0       0       0       0       
      +0       0       0       0       0       0       0       0       0       0       0       0       0       0       0       
      +0       0       0       0       0       0       0       0       0       0       0       0       0       0       0       
      +0       0       0       0       0       0       0       0       0       0
   702 ;;Total ram usage:        4 bytes
   703 ;; Hardware stack levels required when called:    1
   704 ;; This function calls:
   705 ;;		Nothing
   706 ;; This function is called by:
   707 ;;		Startup code after reset
   708 ;; This function uses a non-reentrant model
   709 ;;
   710                           
   711                           
   712                           ;psect for function _main
   713  004A                     _main:	
   714                           
   715                           ;main.c: 37: OSCFRQbits.HFFRQ=0b110;
   716                           
   717                           ;incstack = 0
   718                           ; Regs used in _main: [wreg+status,2+status,0]
   719  004A  0151               	movlb	17	; select bank17
   720  004B  0813               	movf	19,w	;volatile
   721  004C  39F8               	andlw	-8
   722  004D  3806               	iorlw	6
   723  004E  0093               	movwf	19	;volatile
   724                           
   725                           ;main.c: 39: PORTD=0;
   726  004F  0140               	movlb	0	; select bank0
   727  0050  018F               	clrf	15	;volatile
   728                           
   729                           ;main.c: 40: ANSELD=0;
   730  0051  017E               	movlb	62	; select bank62
   731  0052  01D9               	clrf	89	;volatile
   732                           
   733                           ;main.c: 41: TRISDbits.TRISD2=1;
   734  0053  0140               	movlb	0	; select bank0
   735  0054  1514               	bsf	20,2	;volatile
   736                           
   737                           ;main.c: 42: TRISDbits.TRISD1=0;
   738  0055  1094               	bcf	20,1	;volatile
   739                           
   740                           ;main.c: 45: PIR4bits.TMR1IF=0;
   741  0056  014E               	movlb	14	; select bank14
   742  0057  1010               	bcf	16,0	;volatile
   743                           
   744                           ;main.c: 46: PIE4bits.TMR1IE=1;
   745  0058  141A               	bsf	26,0	;volatile
   746                           
   747                           ;main.c: 47: INTCONbits.GIE=1;
   748  0059  178B               	bsf	11,7	;volatile
   749                           
   750                           ;main.c: 48: INTCONbits.PEIE=1;
   751  005A  170B               	bsf	11,6	;volatile
   752                           
   753                           ;main.c: 49: PIE4bits.TMR1IE=1;
   754  005B  141A               	bsf	26,0	;volatile
   755                           
   756                           ;main.c: 51: T1CONbits.CKPS=0b10;
   757  005C  0144               	movlb	4	; select bank4
   758  005D  080E               	movf	14,w	;volatile
   759  005E  39CF               	andlw	-49
   760  005F  3820               	iorlw	32
   761  0060  008E               	movwf	14	;volatile
   762                           
   763                           ;main.c: 52: T1CLKbits.CS=0b0001;
   764  0061  0811               	movf	17,w	;volatile
   765  0062  39F0               	andlw	-16
   766  0063  3801               	iorlw	1
   767  0064  0091               	movwf	17	;volatile
   768                           
   769                           ;main.c: 53: T1CONbits.nSYNC=1;
   770  0065  150E               	bsf	14,2	;volatile
   771                           
   772                           ;main.c: 55: TMR1=precarga1k;
   773  0066  0879               	movf	_precarga1k+1,w
   774  0067  008D               	movwf	13	;volatile
   775  0068  0878               	movf	_precarga1k,w
   776  0069  008C               	movwf	12	;volatile
   777                           
   778                           ;main.c: 56: T1CONbits.ON=1;
   779  006A  140E               	bsf	14,0	;volatile
   780  006B                     l611:	
   781                           ;main.c: 61: while(PORTDbits.RD2==0){
   782                           
   783                           ;main.c: 60: while(1){
   784                           
   785  006B  0140               	movlb	0	; select bank0
   786  006C  190F               	btfsc	15,2	;volatile
   787  006D  2875               	goto	l615
   788                           
   789                           ;main.c: 62: seleccion=1;
   790  006E  3001               	movlw	1
   791  006F  00FA               	movwf	_seleccion
   792  0070  3000               	movlw	0
   793  0071  00FB               	movwf	_seleccion+1
   794  0072  286B               	goto	l611
   795  0073                     l613:	
   796                           ;main.c: 66: }
   797                           ;main.c: 67: while(PORTDbits.RD2==1){
   798                           
   799                           
   800                           ;main.c: 68: seleccion=0;
   801  0073  01FA               	clrf	_seleccion
   802  0074  01FB               	clrf	_seleccion+1
   803  0075                     l615:	
   804  0075  1D0F               	btfss	15,2	;volatile
   805  0076  286B               	goto	l611
   806  0077  2873               	goto	l613
   807  0078                     __end_of_main:	
   808                           ;main.c: 71: }
   809                           ;main.c: 72: }
   810                           ;main.c: 75: return (0);
   811                           ;	Return value of _main is never used
   812                           
   813                           
   814                           	psect	intentry
   815  0004                     __pintentry:	
   816 ;; *************** function _interrupcion *****************
   817 ;; Defined at:
   818 ;;		line 21 in file "main.c"
   819 ;; Parameters:    Size  Location     Type
   820 ;;		None
   821 ;; Auto vars:     Size  Location     Type
   822 ;;		None
   823 ;; Return value:  Size  Location     Type
   824 ;;                  1    wreg      void 
   825 ;; Registers used:
   826 ;;		wreg, fsr0l, fsr0h, status,2, status,0
   827 ;; Tracked objects:
   828 ;;		On entry : 0/0
   829 ;;		On exit  : 0/0
   830 ;;		Unchanged: 0/0
   831 ;; Data sizes:     COMMON   BANK0   BANK1   BANK2   BANK3   BANK4   BANK5   BANK6   BANK7   BANK8   BANK9  BANK10  BANK1
      +1  BANK12  BANK13  BANK14  BANK15  BANK16  BANK17  BANK18  BANK19  BANK20  BANK21  BANK22  BANK23  BANK24  BANK25  BANK2
      +6  BANK27  BANK28  BANK29  BANK30  BANK31  BANK32  BANK33  BANK34  BANK35  BANK36  BANK37  BANK38  BANK39  BANK40  BANK4
      +1  BANK42  BANK43  BANK44  BANK45  BANK46  BANK47  BANK48  BANK49  BANK50
   832 ;;      Params:         0       0       0       0       0       0       0       0       0       0       0       0       
      +0       0       0       0       0       0       0       0       0       0       0       0       0       0       0       
      +0       0       0       0       0       0       0       0       0       0       0       0       0       0       0       
      +0       0       0       0       0       0       0       0       0       0
   833 ;;      Locals:         0       0       0       0       0       0       0       0       0       0       0       0       
      +0       0       0       0       0       0       0       0       0       0       0       0       0       0       0       
      +0       0       0       0       0       0       0       0       0       0       0       0       0       0       0       
      +0       0       0       0       0       0       0       0       0       0
   834 ;;      Temps:          2       0       0       0       0       0       0       0       0       0       0       0       
      +0       0       0       0       0       0       0       0       0       0       0       0       0       0       0       
      +0       0       0       0       0       0       0       0       0       0       0       0       0       0       0       
      +0       0       0       0       0       0       0       0       0       0
   835 ;;      Totals:         2       0       0       0       0       0       0       0       0       0       0       0       
      +0       0       0       0       0       0       0       0       0       0       0       0       0       0       0       
      +0       0       0       0       0       0       0       0       0       0       0       0       0       0       0       
      +0       0       0       0       0       0       0       0       0       0
   836 ;;Total ram usage:        2 bytes
   837 ;; Hardware stack levels used:    1
   838 ;; This function calls:
   839 ;;		Nothing
   840 ;; This function is called by:
   841 ;;		Interrupt level 1
   842 ;; This function uses a non-reentrant model
   843 ;;
   844                           
   845  0004                     _interrupcion:	
   846                           
   847                           ;incstack = 0
   848  0004  147E               	bsf	126,0	;set compiler interrupt flag (level 1)
   849                           
   850                           ; Regs used in _interrupcion: [wreg-fsr0h+status,2+status,0]
   851  0005  3180               	pagesel	$
   852  0006  0140               	movlb	0	; select bank0
   853  0007  087F               	movf	127,w
   854  0008  00F1               	movwf	??_interrupcion+1
   855                           
   856                           ;main.c: 22: LATDbits.LATD1=LATDbits.LATD1+1;
   857  0009  0C19               	rrf	25,w	;volatile
   858  000A  3901               	andlw	1
   859  000B  3E01               	addlw	1
   860  000C  00F0               	movwf	??_interrupcion
   861  000D  0DF0               	rlf	??_interrupcion,f
   862  000E  0819               	movf	25,w	;volatile
   863  000F  0670               	xorwf	??_interrupcion,w
   864  0010  39FD               	andlw	-3
   865  0011  0670               	xorwf	??_interrupcion,w
   866  0012  0099               	movwf	25	;volatile
   867                           
   868                           ;main.c: 24: switch(seleccion){
   869  0013  281F               	goto	i1l523
   870  0014                     i1l517:	
   871                           ;main.c: 25: case 0:
   872                           
   873                           
   874                           ;main.c: 26: TMR1=precarga1k;
   875  0014  0879               	movf	_precarga1k+1,w
   876  0015  0144               	movlb	4	; select bank4
   877  0016  008D               	movwf	13	;volatile
   878  0017  0878               	movf	_precarga1k,w
   879  0018  281D               	goto	L1
   880  0019                     i1l519:	
   881                           ;main.c: 28: case 1:
   882                           
   883                           ;main.c: 27: break;
   884                           
   885                           
   886                           ;main.c: 29: TMR1=precarga100;
   887  0019  0877               	movf	_precarga100+1,w
   888  001A  0144               	movlb	4	; select bank4
   889  001B  008D               	movwf	13	;volatile
   890  001C  0876               	movf	_precarga100,w
   891  001D                     L1:	
   892  001D  008C               	movwf	12	;volatile
   893                           
   894                           ;main.c: 31: }
   895                           
   896                           ;main.c: 30: break;
   897  001E  282C               	goto	i1l37
   898  001F                     i1l523:	
   899                           
   900                           ; Switch on 2 bytes has been partitioned into a top level switch of size 1, and 1 sub-sw
      +                          itches
   901                           ; Switch size 1, requested type "space"
   902                           ; Number of cases is 1, Range of values is 0 to 0
   903                           ; switch strategies available:
   904                           ; Name         Instructions Cycles
   905                           ; simple_byte            4     3 (average)
   906                           ; direct_byte            8     6 (fixed)
   907                           ; jumptable            260     6 (fixed)
   908                           ;	Chosen strategy is simple_byte
   909  001F  087B               	movf	_seleccion+1,w
   910  0020  3A00               	xorlw	0	; case 0
   911  0021  1903               	skipnz
   912  0022  2824               	goto	i1l637
   913  0023  282C               	goto	i1l37
   914  0024                     i1l637:	
   915                           
   916                           ; Switch size 1, requested type "space"
   917                           ; Number of cases is 2, Range of values is 0 to 1
   918                           ; switch strategies available:
   919                           ; Name         Instructions Cycles
   920                           ; simple_byte            7     4 (average)
   921                           ; direct_byte           10     6 (fixed)
   922                           ; jumptable            260     6 (fixed)
   923                           ;	Chosen strategy is simple_byte
   924  0024  087A               	movf	_seleccion,w
   925  0025  3A00               	xorlw	0	; case 0
   926  0026  1903               	skipnz
   927  0027  2814               	goto	i1l517
   928  0028  3A01               	xorlw	1	; case 1
   929  0029  1903               	skipnz
   930  002A  2819               	goto	i1l519
   931  002B  282C               	goto	i1l37
   932  002C                     i1l37:	
   933                           
   934                           ;main.c: 32: PIR4bits.TMR1IF=0;
   935  002C  014E               	movlb	14	; select bank14
   936  002D  1010               	bcf	16,0	;volatile
   937  002E  0871               	movf	??_interrupcion+1,w
   938  002F  0140               	movlb	0	; select bank0
   939  0030  00FF               	movwf	127
   940  0031  107E               	bcf	126,0	;clear compiler interrupt flag (level 1)
   941  0032  0009               	retfie
   942  0033                     __end_of_interrupcion:	
   943  007E                     btemp	set	126	;btemp
   944  007E                     int$flags	set	126
   945  007E                     wtemp0	set	126


Data Sizes:
    Strings     0
    Constant    0
    Data        4
    BSS         2
    Persistent  0
    Stack       0

Auto Spaces:
    Space          Size  Autos    Used
    COMMON           14      6      12
    BANK0            80      0       0
    BANK1            80      0       0
    BANK2            80      0       0
    BANK3            80      0       0
    BANK4            80      0       0
    BANK5            80      0       0
    BANK6            80      0       0
    BANK7            80      0       0
    BANK8            80      0       0
    BANK9            80      0       0
    BANK10           80      0       0
    BANK11           80      0       0
    BANK12           80      0       0
    BANK13           80      0       0
    BANK14           80      0       0
    BANK15           80      0       0
    BANK16           80      0       0
    BANK17           80      0       0
    BANK18           80      0       0
    BANK19           80      0       0
    BANK20           80      0       0
    BANK21           80      0       0
    BANK22           80      0       0
    BANK23           80      0       0
    BANK24           80      0       0
    BANK25           80      0       0
    BANK26           80      0       0
    BANK27           80      0       0
    BANK28           80      0       0
    BANK29           80      0       0
    BANK30           80      0       0
    BANK31           80      0       0
    BANK32           80      0       0
    BANK33           80      0       0
    BANK34           80      0       0
    BANK35           80      0       0
    BANK36           80      0       0
    BANK37           80      0       0
    BANK38           80      0       0
    BANK39           80      0       0
    BANK40           80      0       0
    BANK41           80      0       0
    BANK42           80      0       0
    BANK43           80      0       0
    BANK44           80      0       0
    BANK45           80      0       0
    BANK46           80      0       0
    BANK47           80      0       0
    BANK48           80      0       0
    BANK49           80      0       0
    BANK50           80      0       0

Pointer List with Targets:

    None.

Critical Paths under _main in COMMON

    None.

Critical Paths under _interrupcion in COMMON

    None.

Critical Paths under _main in BANK0

    None.

Critical Paths under _interrupcion in BANK0

    None.

Critical Paths under _main in BANK1

    None.

Critical Paths under _interrupcion in BANK1

    None.

Critical Paths under _main in BANK2

    None.

Critical Paths under _interrupcion in BANK2

    None.

Critical Paths under _main in BANK3

    None.

Critical Paths under _interrupcion in BANK3

    None.

Critical Paths under _main in BANK4

    None.

Critical Paths under _interrupcion in BANK4

    None.

Critical Paths under _main in BANK5

    None.

Critical Paths under _interrupcion in BANK5

    None.

Critical Paths under _main in BANK6

    None.

Critical Paths under _interrupcion in BANK6

    None.

Critical Paths under _main in BANK7

    None.

Critical Paths under _interrupcion in BANK7

    None.

Critical Paths under _main in BANK8

    None.

Critical Paths under _interrupcion in BANK8

    None.

Critical Paths under _main in BANK9

    None.

Critical Paths under _interrupcion in BANK9

    None.

Critical Paths under _main in BANK10

    None.

Critical Paths under _interrupcion in BANK10

    None.

Critical Paths under _main in BANK11

    None.

Critical Paths under _interrupcion in BANK11

    None.

Critical Paths under _main in BANK12

    None.

Critical Paths under _interrupcion in BANK12

    None.

Critical Paths under _main in BANK13

    None.

Critical Paths under _interrupcion in BANK13

    None.

Critical Paths under _main in BANK14

    None.

Critical Paths under _interrupcion in BANK14

    None.

Critical Paths under _main in BANK15

    None.

Critical Paths under _interrupcion in BANK15

    None.

Critical Paths under _main in BANK16

    None.

Critical Paths under _interrupcion in BANK16

    None.

Critical Paths under _main in BANK17

    None.

Critical Paths under _interrupcion in BANK17

    None.

Critical Paths under _main in BANK18

    None.

Critical Paths under _interrupcion in BANK18

    None.

Critical Paths under _main in BANK19

    None.

Critical Paths under _interrupcion in BANK19

    None.

Critical Paths under _main in BANK20

    None.

Critical Paths under _interrupcion in BANK20

    None.

Critical Paths under _main in BANK21

    None.

Critical Paths under _interrupcion in BANK21

    None.

Critical Paths under _main in BANK22

    None.

Critical Paths under _interrupcion in BANK22

    None.

Critical Paths under _main in BANK23

    None.

Critical Paths under _interrupcion in BANK23

    None.

Critical Paths under _main in BANK24

    None.

Critical Paths under _interrupcion in BANK24

    None.

Critical Paths under _main in BANK25

    None.

Critical Paths under _interrupcion in BANK25

    None.

Critical Paths under _main in BANK26

    None.

Critical Paths under _interrupcion in BANK26

    None.

Critical Paths under _main in BANK27

    None.

Critical Paths under _interrupcion in BANK27

    None.

Critical Paths under _main in BANK28

    None.

Critical Paths under _interrupcion in BANK28

    None.

Critical Paths under _main in BANK29

    None.

Critical Paths under _interrupcion in BANK29

    None.

Critical Paths under _main in BANK30

    None.

Critical Paths under _interrupcion in BANK30

    None.

Critical Paths under _main in BANK31

    None.

Critical Paths under _interrupcion in BANK31

    None.

Critical Paths under _main in BANK32

    None.

Critical Paths under _interrupcion in BANK32

    None.

Critical Paths under _main in BANK33

    None.

Critical Paths under _interrupcion in BANK33

    None.

Critical Paths under _main in BANK34

    None.

Critical Paths under _interrupcion in BANK34

    None.

Critical Paths under _main in BANK35

    None.

Critical Paths under _interrupcion in BANK35

    None.

Critical Paths under _main in BANK36

    None.

Critical Paths under _interrupcion in BANK36

    None.

Critical Paths under _main in BANK37

    None.

Critical Paths under _interrupcion in BANK37

    None.

Critical Paths under _main in BANK38

    None.

Critical Paths under _interrupcion in BANK38

    None.

Critical Paths under _main in BANK39

    None.

Critical Paths under _interrupcion in BANK39

    None.

Critical Paths under _main in BANK40

    None.

Critical Paths under _interrupcion in BANK40

    None.

Critical Paths under _main in BANK41

    None.

Critical Paths under _interrupcion in BANK41

    None.

Critical Paths under _main in BANK42

    None.

Critical Paths under _interrupcion in BANK42

    None.

Critical Paths under _main in BANK43

    None.

Critical Paths under _interrupcion in BANK43

    None.

Critical Paths under _main in BANK44

    None.

Critical Paths under _interrupcion in BANK44

    None.

Critical Paths under _main in BANK45

    None.

Critical Paths under _interrupcion in BANK45

    None.

Critical Paths under _main in BANK46

    None.

Critical Paths under _interrupcion in BANK46

    None.

Critical Paths under _main in BANK47

    None.

Critical Paths under _interrupcion in BANK47

    None.

Critical Paths under _main in BANK48

    None.

Critical Paths under _interrupcion in BANK48

    None.

Critical Paths under _main in BANK49

    None.

Critical Paths under _interrupcion in BANK49

    None.

Critical Paths under _main in BANK50

    None.

Critical Paths under _interrupcion in BANK50

    None.

Call Graph Tables:

 ---------------------------------------------------------------------------------
 (Depth) Function   	        Calls       Base Space   Used Autos Params    Refs
 ---------------------------------------------------------------------------------
 (0) _main                                                 4     0      4       0
                                              2 COMMON     4     0      4
 ---------------------------------------------------------------------------------
 Estimated maximum stack depth 0
 ---------------------------------------------------------------------------------
 (Depth) Function   	        Calls       Base Space   Used Autos Params    Refs
 ---------------------------------------------------------------------------------
 (1) _interrupcion                                         2     2      0       0
                                              0 COMMON     2     2      0
 ---------------------------------------------------------------------------------
 Estimated maximum stack depth 1
 ---------------------------------------------------------------------------------

 Call Graph Graphs:

 _main (ROOT)

 _interrupcion (ROOT)

 Address spaces:
Name               Size   Autos  Total    Cost      Usage
BIGRAM             FF0      0       0       0        0.0%
EEDATA             100      0       0       0        0.0%
NULL                 0      0       0       0        0.0%
CODE                 0      0       0       0        0.0%
BITCOMMON            E      0       0       1        0.0%
BITSFR0              0      0       0       1        0.0%
SFR0                 0      0       0       1        0.0%
COMMON               E      6       C       2       85.7%
BITSFR1              0      0       0       2        0.0%
SFR1                 0      0       0       2        0.0%
BITSFR2              0      0       0       3        0.0%
SFR2                 0      0       0       3        0.0%
STACK                0      0       0       3        0.0%
BITBANK0            50      0       0       4        0.0%
BITSFR3              0      0       0       4        0.0%
SFR3                 0      0       0       4        0.0%
BANK0               50      0       0       5        0.0%
BITSFR4              0      0       0       5        0.0%
SFR4                 0      0       0       5        0.0%
BITBANK1            50      0       0       6        0.0%
BITSFR5              0      0       0       6        0.0%
SFR5                 0      0       0       6        0.0%
BANK1               50      0       0       7        0.0%
BITSFR6              0      0       0       7        0.0%
SFR6                 0      0       0       7        0.0%
BITBANK2            50      0       0       8        0.0%
BITSFR7              0      0       0       8        0.0%
SFR7                 0      0       0       8        0.0%
BANK2               50      0       0       9        0.0%
BITSFR8              0      0       0       9        0.0%
SFR8                 0      0       0       9        0.0%
BITBANK3            50      0       0      10        0.0%
BITSFR9              0      0       0      10        0.0%
SFR9                 0      0       0      10        0.0%
BANK3               50      0       0      11        0.0%
BITSFR10             0      0       0      11        0.0%
SFR10                0      0       0      11        0.0%
BITBANK4            50      0       0      12        0.0%
BITSFR11             0      0       0      12        0.0%
SFR11                0      0       0      12        0.0%
BANK4               50      0       0      13        0.0%
BITSFR12             0      0       0      13        0.0%
SFR12                0      0       0      13        0.0%
BITBANK5            50      0       0      14        0.0%
BITSFR13             0      0       0      14        0.0%
SFR13                0      0       0      14        0.0%
BANK5               50      0       0      15        0.0%
BITSFR14             0      0       0      15        0.0%
SFR14                0      0       0      15        0.0%
BITBANK6            50      0       0      16        0.0%
BITSFR15             0      0       0      16        0.0%
SFR15                0      0       0      16        0.0%
BANK6               50      0       0      17        0.0%
BITSFR16             0      0       0      17        0.0%
SFR16                0      0       0      17        0.0%
BITBANK7            50      0       0      18        0.0%
BITSFR17             0      0       0      18        0.0%
SFR17                0      0       0      18        0.0%
BANK7               50      0       0      19        0.0%
BITSFR18             0      0       0      19        0.0%
SFR18                0      0       0      19        0.0%
BITBANK8            50      0       0      20        0.0%
BITSFR19             0      0       0      20        0.0%
SFR19                0      0       0      20        0.0%
BANK8               50      0       0      21        0.0%
BITSFR20             0      0       0      21        0.0%
SFR20                0      0       0      21        0.0%
BITBANK9            50      0       0      22        0.0%
BITSFR21             0      0       0      22        0.0%
SFR21                0      0       0      22        0.0%
BANK9               50      0       0      23        0.0%
BITSFR22             0      0       0      23        0.0%
SFR22                0      0       0      23        0.0%
BITBANK10           50      0       0      24        0.0%
BITSFR23             0      0       0      24        0.0%
SFR23                0      0       0      24        0.0%
BANK10              50      0       0      25        0.0%
BITSFR24             0      0       0      25        0.0%
SFR24                0      0       0      25        0.0%
BITBANK11           50      0       0      26        0.0%
BITSFR25             0      0       0      26        0.0%
SFR25                0      0       0      26        0.0%
BANK11              50      0       0      27        0.0%
BITSFR26             0      0       0      27        0.0%
SFR26                0      0       0      27        0.0%
BITSFR27             0      0       0      28        0.0%
SFR27                0      0       0      28        0.0%
ABS                  0      0       C      28        0.0%
BITBANK12           50      0       0      29        0.0%
BITSFR28             0      0       0      29        0.0%
SFR28                0      0       0      29        0.0%
BANK12              50      0       0      30        0.0%
BITSFR29             0      0       0      30        0.0%
SFR29                0      0       0      30        0.0%
BITBANK13           50      0       0      31        0.0%
BITSFR30             0      0       0      31        0.0%
SFR30                0      0       0      31        0.0%
BANK13              50      0       0      32        0.0%
BITSFR31             0      0       0      32        0.0%
SFR31                0      0       0      32        0.0%
BITBANK14           50      0       0      33        0.0%
BITSFR32             0      0       0      33        0.0%
SFR32                0      0       0      33        0.0%
BANK14              50      0       0      34        0.0%
BITSFR33             0      0       0      34        0.0%
SFR33                0      0       0      34        0.0%
BITBANK15           50      0       0      35        0.0%
BITSFR34             0      0       0      35        0.0%
SFR34                0      0       0      35        0.0%
BANK15              50      0       0      36        0.0%
BITSFR35             0      0       0      36        0.0%
SFR35                0      0       0      36        0.0%
BITBANK16           50      0       0      37        0.0%
BITSFR36             0      0       0      37        0.0%
SFR36                0      0       0      37        0.0%
BANK16              50      0       0      38        0.0%
BITSFR37             0      0       0      38        0.0%
SFR37                0      0       0      38        0.0%
BITBANK17           50      0       0      39        0.0%
BITSFR38             0      0       0      39        0.0%
SFR38                0      0       0      39        0.0%
BANK17              50      0       0      40        0.0%
BITSFR39             0      0       0      40        0.0%
SFR39                0      0       0      40        0.0%
BITBANK18           50      0       0      41        0.0%
BITSFR40             0      0       0      41        0.0%
SFR40                0      0       0      41        0.0%
BANK18              50      0       0      42        0.0%
BITSFR41             0      0       0      42        0.0%
SFR41                0      0       0      42        0.0%
BITBANK19           50      0       0      43        0.0%
BITSFR42             0      0       0      43        0.0%
SFR42                0      0       0      43        0.0%
BANK19              50      0       0      44        0.0%
BITSFR43             0      0       0      44        0.0%
SFR43                0      0       0      44        0.0%
BITBANK20           50      0       0      45        0.0%
BITSFR44             0      0       0      45        0.0%
SFR44                0      0       0      45        0.0%
BANK20              50      0       0      46        0.0%
BITSFR45             0      0       0      46        0.0%
SFR45                0      0       0      46        0.0%
BITBANK21           50      0       0      47        0.0%
BITSFR46             0      0       0      47        0.0%
SFR46                0      0       0      47        0.0%
BANK21              50      0       0      48        0.0%
BITSFR47             0      0       0      48        0.0%
SFR47                0      0       0      48        0.0%
BITBANK22           50      0       0      49        0.0%
BITSFR48             0      0       0      49        0.0%
SFR48                0      0       0      49        0.0%
BANK22              50      0       0      50        0.0%
BITSFR49             0      0       0      50        0.0%
SFR49                0      0       0      50        0.0%
BITBANK23           50      0       0      51        0.0%
BITSFR50             0      0       0      51        0.0%
SFR50                0      0       0      51        0.0%
BANK23              50      0       0      52        0.0%
BITSFR51             0      0       0      52        0.0%
SFR51                0      0       0      52        0.0%
BITBANK24           50      0       0      53        0.0%
BITSFR52             0      0       0      53        0.0%
SFR52                0      0       0      53        0.0%
BANK24              50      0       0      54        0.0%
BITSFR53             0      0       0      54        0.0%
SFR53                0      0       0      54        0.0%
BITBANK25           50      0       0      55        0.0%
BITSFR54             0      0       0      55        0.0%
SFR54                0      0       0      55        0.0%
BANK25              50      0       0      56        0.0%
BITSFR55             0      0       0      56        0.0%
SFR55                0      0       0      56        0.0%
BITBANK26           50      0       0      57        0.0%
BITSFR56             0      0       0      57        0.0%
SFR56                0      0       0      57        0.0%
BANK26              50      0       0      58        0.0%
BITSFR57             0      0       0      58        0.0%
SFR57                0      0       0      58        0.0%
BITSFR58             0      0       0      59        0.0%
SFR58                0      0       0      59        0.0%
DATA                 0      0       C      59        0.0%
BITBANK27           50      0       0      60        0.0%
BITSFR59             0      0       0      60        0.0%
SFR59                0      0       0      60        0.0%
BANK27              50      0       0      61        0.0%
BITSFR60             0      0       0      61        0.0%
SFR60                0      0       0      61        0.0%
BITBANK28           50      0       0      62        0.0%
BITSFR61             0      0       0      62        0.0%
SFR61                0      0       0      62        0.0%
BANK28              50      0       0      63        0.0%
BITSFR62             0      0       0      63        0.0%
SFR62                0      0       0      63        0.0%
BITBANK29           50      0       0      64        0.0%
BITSFR63             0      0       0      64        0.0%
SFR63                0      0       0      64        0.0%
BANK29              50      0       0      65        0.0%
BITBANK30           50      0       0      66        0.0%
BANK30              50      0       0      67        0.0%
BITBANK31           50      0       0      68        0.0%
BANK31              50      0       0      69        0.0%
BITBANK32           50      0       0      70        0.0%
BANK32              50      0       0      71        0.0%
BITBANK33           50      0       0      72        0.0%
BANK33              50      0       0      73        0.0%
BITBANK34           50      0       0      74        0.0%
BANK34              50      0       0      75        0.0%
BITBANK35           50      0       0      76        0.0%
BANK35              50      0       0      77        0.0%
BITBANK36           50      0       0      78        0.0%
BANK36              50      0       0      79        0.0%
BITBANK37           50      0       0      80        0.0%
BANK37              50      0       0      81        0.0%
BITBANK38           50      0       0      82        0.0%
BANK38              50      0       0      83        0.0%
BITBANK39           50      0       0      84        0.0%
BANK39              50      0       0      85        0.0%
BITBANK40           50      0       0      86        0.0%
BANK40              50      0       0      87        0.0%
BITBANK41           50      0       0      88        0.0%
BANK41              50      0       0      89        0.0%
BITBANK42           50      0       0      90        0.0%
BANK42              50      0       0      91        0.0%
BITBANK43           50      0       0      92        0.0%
BANK43              50      0       0      93        0.0%
BITBANK44           50      0       0      94        0.0%
BANK44              50      0       0      95        0.0%
BITBANK45           50      0       0      96        0.0%
BANK45              50      0       0      97        0.0%
BITBANK46           50      0       0      98        0.0%
BANK46              50      0       0      99        0.0%
BITBANK47           50      0       0     100        0.0%
BANK47              50      0       0     101        0.0%
BITBANK48           50      0       0     102        0.0%
BANK48              50      0       0     103        0.0%
BITBANK49           50      0       0     104        0.0%
BANK49              50      0       0     105        0.0%
BITBANK50           50      0       0     106        0.0%
BANK50              50      0       0     107        0.0%


Microchip Technology PIC Macro Assembler V1.45 build -152302408 
Symbol Table                                                                                   Wed Oct 03 10:58:37 2018

            __CFG_CP$OFF 0000              __CFG_LVP$ON 0000                      l611 006B  
                    l613 0073                      l615 0075             __CFG_CPD$OFF 0000  
           __CFG_BORV$LO 0000             __CFG_ZCD$OFF 0000                     i1l37 002C  
                   _TMR1 020C             __CFG_WRT$OFF 0000            __CFG_FCMEN$ON 0000  
                   _main 004A                     btemp 007E            __CFG_BOREN$ON 0000  
                   start 0033            __CFG_CSWEN$ON 0000            __CFG_MCLRE$ON 0000  
                  ?_main 0072            __CFG_WDTE$OFF 0000                    i1l523 001F  
                  i1l517 0014                    i1l519 0019                    i1l637 0024  
                  _PORTD 000F            __CFG_PWRTE$ON 0000                    wtemp0 007E  
        __initialization 0035             __end_of_main 0078                   ??_main 0076  
                 _ANSELD 1F59           __CFG_WDTCCS$SC 0000           __CFG_STVREN$ON 0000  
           __pdataCOMMON 0076  __end_of__initialization 0046           __pcstackCOMMON 0070  
          ?_interrupcion 0070           ??_interrupcion 0070               __pmaintext 004A  
        __CFG_PPS1WAY$ON 0000               __pintentry 0004      __CFG_RSTOSC$HFINT32 0000  
   __CFG_SCANE$available 0000                _T1CLKbits 0211                _T1CONbits 020E  
   end_of_initialization 0046               _precarga1k 0078    __CFG_WDTCPS$WDTCPS_31 0000  
              _PORTDbits 000F                _TRISDbits 0014     __end_of_interrupcion 0033  
       __CFG_FEXTOSC$OFF 0000            __pidataCOMMON 0078      start_initialization 0035  
       __CFG_LPBOREN$OFF 0000              __pbssCOMMON 007A                ___latbits 0004  
  __size_of_interrupcion 002F                 _LATDbits 0019                _seleccion 007A  
               _PIE4bits 071A                 _PIR4bits 0710             _interrupcion 0004  
          __size_of_main 002E     __CFG_WDTCWS$WDTCWS_7 0000                 int$flags 007E  
               main@argc 0072                 main@argv 0074               _INTCONbits 000B  
               intlevel1 0000        __CFG_CLKOUTEN$OFF 0000              _precarga100 0076  
             _OSCFRQbits 0893  
