

Microchip Technology PIC LITE Macro Assembler V1.45 build -152302408 
                                                                                               Wed Sep 05 18:59:24 2018

Microchip Technology Omniscient Code Generator v1.45 (Free mode) build 201711160504
     1                           	processor	16F18877
     2                           	opt	pw 120
     3                           	opt	lm
     4                           	psect	cinit,global,class=CODE,merge=1,delta=2
     5                           	psect	cstackCOMMON,global,class=COMMON,space=1,delta=1
     6                           	psect	maintext,global,class=CODE,merge=1,split=1,delta=2
     7                           	dabs	1,0x7E,2
     8  0000                     
     9                           ; Version 1.45
    10                           ; Generated 16/11/2017 GMT
    11                           ; 
    12                           ; Copyright © 2017, Microchip Technology Inc. and its subsidiaries ("Microchip")
    13                           ; All rights reserved.
    14                           ; 
    15                           ; This software is developed by Microchip Technology Inc. and its subsidiaries ("Microch
      +                          ip").
    16                           ; 
    17                           ; Redistribution and use in source and binary forms, with or without modification, are
    18                           ; permitted provided that the following conditions are met:
    19                           ; 
    20                           ;     1. Redistributions of source code must retain the above copyright notice, this lis
      +                          t of
    21                           ;        conditions and the following disclaimer.
    22                           ; 
    23                           ;     2. Redistributions in binary form must reproduce the above copyright notice, this 
      +                          list
    24                           ;        of conditions and the following disclaimer in the documentation and/or other
    25                           ;        materials provided with the distribution.
    26                           ; 
    27                           ;     3. Microchip's name may not be used to endorse or promote products derived from th
      +                          is
    28                           ;        software without specific prior written permission.
    29                           ; 
    30                           ; THIS SOFTWARE IS PROVIDED BY MICROCHIP "AS IS" AND ANY EXPRESS OR IMPLIED WARRANTIES,
    31                           ; INCLUDING, BUT NOT LIMITED TO, THE IMPLIED WARRANTIES OF MERCHANTABILITY AND FITNESS F
      +                          OR
    32                           ; PURPOSE ARE DISCLAIMED.  IN NO EVENT SHALL MICROCHIP BE LIABLE FOR ANY DIRECT, INDIREC
      +                          T,
    33                           ; INCIDENTAL, SPECIAL, EXEMPLARY, OR CONSEQUENTIAL DAMAGES (INCLUDING BUT NOT LIMITED TO
    34                           ; PROCUREMENT OF SUBSTITUTE GOODS OR SERVICES; LOSS OF USE, DATA OR PROFITS; OR BUSINESS
    35                           ; INTERRUPTION) HOWSOEVER CAUSED AND ON ANY THEORY OF LIABILITY, WHETHER IN CONTRACT, ST
      +                          RICT
    36                           ; LIABILITY, OR TORT (INCLUDING NEGLIGENCE OR OTHERWISE) ARISING IN ANY WAY OUT OF THE U
      +                          SE OF
    37                           ; THIS SOFTWARE, EVEN IF ADVISED OF THE POSSIBILITY OF SUCH DAMAGE.
    38                           ; 
    39                           ; 
    40                           ; Code-generator required, PIC16F18877 Definitions
    41                           ; 
    42                           ; SFR Addresses
    43  0000                     	;# 
    44  0001                     	;# 
    45  0002                     	;# 
    46  0003                     	;# 
    47  0004                     	;# 
    48  0005                     	;# 
    49  0006                     	;# 
    50  0007                     	;# 
    51  0008                     	;# 
    52  0009                     	;# 
    53  000A                     	;# 
    54  000B                     	;# 
    55  000C                     	;# 
    56  000D                     	;# 
    57  000E                     	;# 
    58  000F                     	;# 
    59  0010                     	;# 
    60  0011                     	;# 
    61  0012                     	;# 
    62  0013                     	;# 
    63  0014                     	;# 
    64  0015                     	;# 
    65  0016                     	;# 
    66  0017                     	;# 
    67  0018                     	;# 
    68  0019                     	;# 
    69  001A                     	;# 
    70  001C                     	;# 
    71  001C                     	;# 
    72  001D                     	;# 
    73  001D                     	;# 
    74  001E                     	;# 
    75  001F                     	;# 
    76  008C                     	;# 
    77  008C                     	;# 
    78  008D                     	;# 
    79  008E                     	;# 
    80  008E                     	;# 
    81  008F                     	;# 
    82  0090                     	;# 
    83  0090                     	;# 
    84  0091                     	;# 
    85  0093                     	;# 
    86  0094                     	;# 
    87  0095                     	;# 
    88  0096                     	;# 
    89  0097                     	;# 
    90  0098                     	;# 
    91  0099                     	;# 
    92  009A                     	;# 
    93  009B                     	;# 
    94  009C                     	;# 
    95  009D                     	;# 
    96  009E                     	;# 
    97  010C                     	;# 
    98  010D                     	;# 
    99  010E                     	;# 
   100  010E                     	;# 
   101  010F                     	;# 
   102  0110                     	;# 
   103  0110                     	;# 
   104  0111                     	;# 
   105  0112                     	;# 
   106  0112                     	;# 
   107  0113                     	;# 
   108  0114                     	;# 
   109  0114                     	;# 
   110  0115                     	;# 
   111  0116                     	;# 
   112  0116                     	;# 
   113  0117                     	;# 
   114  0119                     	;# 
   115  0119                     	;# 
   116  0119                     	;# 
   117  011A                     	;# 
   118  011A                     	;# 
   119  011A                     	;# 
   120  011B                     	;# 
   121  011B                     	;# 
   122  011B                     	;# 
   123  011B                     	;# 
   124  011B                     	;# 
   125  011C                     	;# 
   126  011C                     	;# 
   127  011C                     	;# 
   128  011D                     	;# 
   129  011D                     	;# 
   130  011D                     	;# 
   131  011E                     	;# 
   132  011E                     	;# 
   133  011E                     	;# 
   134  011F                     	;# 
   135  011F                     	;# 
   136  011F                     	;# 
   137  011F                     	;# 
   138  011F                     	;# 
   139  018C                     	;# 
   140  018D                     	;# 
   141  018E                     	;# 
   142  018F                     	;# 
   143  0190                     	;# 
   144  0191                     	;# 
   145  0192                     	;# 
   146  0196                     	;# 
   147  0197                     	;# 
   148  0198                     	;# 
   149  0199                     	;# 
   150  019A                     	;# 
   151  019B                     	;# 
   152  019C                     	;# 
   153  020C                     	;# 
   154  020C                     	;# 
   155  020D                     	;# 
   156  020E                     	;# 
   157  020F                     	;# 
   158  020F                     	;# 
   159  0210                     	;# 
   160  0210                     	;# 
   161  0211                     	;# 
   162  0211                     	;# 
   163  0212                     	;# 
   164  0212                     	;# 
   165  0213                     	;# 
   166  0214                     	;# 
   167  0215                     	;# 
   168  0215                     	;# 
   169  0216                     	;# 
   170  0216                     	;# 
   171  0217                     	;# 
   172  0217                     	;# 
   173  0218                     	;# 
   174  0218                     	;# 
   175  0219                     	;# 
   176  021A                     	;# 
   177  021B                     	;# 
   178  021B                     	;# 
   179  021C                     	;# 
   180  021C                     	;# 
   181  021D                     	;# 
   182  021D                     	;# 
   183  021E                     	;# 
   184  021F                     	;# 
   185  028C                     	;# 
   186  028C                     	;# 
   187  028D                     	;# 
   188  028D                     	;# 
   189  028E                     	;# 
   190  028F                     	;# 
   191  0290                     	;# 
   192  0290                     	;# 
   193  0291                     	;# 
   194  0292                     	;# 
   195  0292                     	;# 
   196  0293                     	;# 
   197  0293                     	;# 
   198  0294                     	;# 
   199  0295                     	;# 
   200  0296                     	;# 
   201  0296                     	;# 
   202  0297                     	;# 
   203  0298                     	;# 
   204  0298                     	;# 
   205  0299                     	;# 
   206  0299                     	;# 
   207  029A                     	;# 
   208  029B                     	;# 
   209  029C                     	;# 
   210  029C                     	;# 
   211  029D                     	;# 
   212  030C                     	;# 
   213  030C                     	;# 
   214  030D                     	;# 
   215  030E                     	;# 
   216  030F                     	;# 
   217  0310                     	;# 
   218  0310                     	;# 
   219  0311                     	;# 
   220  0312                     	;# 
   221  0313                     	;# 
   222  0314                     	;# 
   223  0314                     	;# 
   224  0315                     	;# 
   225  0316                     	;# 
   226  0317                     	;# 
   227  0318                     	;# 
   228  0318                     	;# 
   229  0319                     	;# 
   230  031A                     	;# 
   231  031B                     	;# 
   232  031C                     	;# 
   233  031C                     	;# 
   234  031D                     	;# 
   235  031E                     	;# 
   236  031F                     	;# 
   237  038C                     	;# 
   238  038D                     	;# 
   239  038E                     	;# 
   240  0390                     	;# 
   241  0391                     	;# 
   242  0392                     	;# 
   243  040C                     	;# 
   244  040D                     	;# 
   245  040E                     	;# 
   246  040F                     	;# 
   247  0410                     	;# 
   248  0411                     	;# 
   249  0416                     	;# 
   250  0416                     	;# 
   251  0417                     	;# 
   252  0418                     	;# 
   253  0418                     	;# 
   254  0419                     	;# 
   255  041A                     	;# 
   256  041A                     	;# 
   257  041B                     	;# 
   258  041C                     	;# 
   259  041C                     	;# 
   260  041D                     	;# 
   261  041E                     	;# 
   262  041F                     	;# 
   263  048C                     	;# 
   264  048C                     	;# 
   265  048D                     	;# 
   266  048E                     	;# 
   267  048F                     	;# 
   268  048F                     	;# 
   269  0490                     	;# 
   270  0491                     	;# 
   271  0492                     	;# 
   272  0492                     	;# 
   273  0493                     	;# 
   274  0494                     	;# 
   275  0495                     	;# 
   276  0495                     	;# 
   277  0496                     	;# 
   278  0497                     	;# 
   279  0498                     	;# 
   280  0499                     	;# 
   281  049A                     	;# 
   282  049B                     	;# 
   283  049C                     	;# 
   284  049D                     	;# 
   285  050C                     	;# 
   286  050C                     	;# 
   287  050D                     	;# 
   288  050E                     	;# 
   289  050F                     	;# 
   290  050F                     	;# 
   291  0510                     	;# 
   292  0511                     	;# 
   293  0512                     	;# 
   294  0512                     	;# 
   295  0513                     	;# 
   296  0514                     	;# 
   297  0515                     	;# 
   298  0515                     	;# 
   299  0516                     	;# 
   300  0517                     	;# 
   301  0518                     	;# 
   302  0519                     	;# 
   303  051A                     	;# 
   304  051B                     	;# 
   305  051C                     	;# 
   306  051D                     	;# 
   307  058C                     	;# 
   308  058C                     	;# 
   309  058D                     	;# 
   310  058E                     	;# 
   311  058F                     	;# 
   312  058F                     	;# 
   313  0590                     	;# 
   314  0591                     	;# 
   315  0592                     	;# 
   316  0593                     	;# 
   317  060C                     	;# 
   318  060D                     	;# 
   319  060E                     	;# 
   320  060F                     	;# 
   321  0610                     	;# 
   322  0611                     	;# 
   323  0612                     	;# 
   324  0613                     	;# 
   325  0614                     	;# 
   326  0616                     	;# 
   327  0617                     	;# 
   328  0618                     	;# 
   329  0619                     	;# 
   330  061A                     	;# 
   331  061B                     	;# 
   332  061C                     	;# 
   333  061D                     	;# 
   334  061E                     	;# 
   335  068C                     	;# 
   336  068D                     	;# 
   337  068E                     	;# 
   338  068F                     	;# 
   339  0690                     	;# 
   340  0691                     	;# 
   341  0692                     	;# 
   342  0693                     	;# 
   343  0694                     	;# 
   344  070C                     	;# 
   345  070D                     	;# 
   346  070E                     	;# 
   347  070F                     	;# 
   348  0710                     	;# 
   349  0711                     	;# 
   350  0712                     	;# 
   351  0713                     	;# 
   352  0714                     	;# 
   353  0716                     	;# 
   354  0717                     	;# 
   355  0718                     	;# 
   356  0719                     	;# 
   357  071A                     	;# 
   358  071B                     	;# 
   359  071C                     	;# 
   360  071D                     	;# 
   361  071E                     	;# 
   362  0796                     	;# 
   363  0797                     	;# 
   364  0798                     	;# 
   365  0799                     	;# 
   366  079A                     	;# 
   367  079B                     	;# 
   368  080C                     	;# 
   369  080D                     	;# 
   370  080E                     	;# 
   371  080F                     	;# 
   372  0810                     	;# 
   373  0811                     	;# 
   374  0812                     	;# 
   375  0813                     	;# 
   376  0814                     	;# 
   377  081A                     	;# 
   378  081B                     	;# 
   379  081C                     	;# 
   380  081D                     	;# 
   381  081E                     	;# 
   382  081F                     	;# 
   383  088C                     	;# 
   384  088D                     	;# 
   385  088E                     	;# 
   386  088F                     	;# 
   387  0890                     	;# 
   388  0891                     	;# 
   389  0892                     	;# 
   390  0893                     	;# 
   391  0895                     	;# 
   392  0896                     	;# 
   393  0897                     	;# 
   394  0898                     	;# 
   395  0899                     	;# 
   396  089A                     	;# 
   397  089B                     	;# 
   398  090C                     	;# 
   399  090E                     	;# 
   400  090F                     	;# 
   401  091F                     	;# 
   402  098F                     	;# 
   403  098F                     	;# 
   404  0990                     	;# 
   405  0991                     	;# 
   406  0992                     	;# 
   407  0993                     	;# 
   408  0994                     	;# 
   409  0995                     	;# 
   410  0996                     	;# 
   411  0997                     	;# 
   412  1E0F                     	;# 
   413  1E10                     	;# 
   414  1E11                     	;# 
   415  1E12                     	;# 
   416  1E13                     	;# 
   417  1E14                     	;# 
   418  1E15                     	;# 
   419  1E16                     	;# 
   420  1E17                     	;# 
   421  1E18                     	;# 
   422  1E19                     	;# 
   423  1E1A                     	;# 
   424  1E1B                     	;# 
   425  1E1C                     	;# 
   426  1E1D                     	;# 
   427  1E1E                     	;# 
   428  1E1F                     	;# 
   429  1E20                     	;# 
   430  1E21                     	;# 
   431  1E22                     	;# 
   432  1E23                     	;# 
   433  1E24                     	;# 
   434  1E25                     	;# 
   435  1E26                     	;# 
   436  1E27                     	;# 
   437  1E28                     	;# 
   438  1E29                     	;# 
   439  1E2A                     	;# 
   440  1E2B                     	;# 
   441  1E2C                     	;# 
   442  1E2D                     	;# 
   443  1E2E                     	;# 
   444  1E2F                     	;# 
   445  1E30                     	;# 
   446  1E31                     	;# 
   447  1E32                     	;# 
   448  1E33                     	;# 
   449  1E34                     	;# 
   450  1E35                     	;# 
   451  1E36                     	;# 
   452  1E37                     	;# 
   453  1E8F                     	;# 
   454  1E90                     	;# 
   455  1E91                     	;# 
   456  1E92                     	;# 
   457  1E93                     	;# 
   458  1E94                     	;# 
   459  1E95                     	;# 
   460  1E96                     	;# 
   461  1E97                     	;# 
   462  1E9C                     	;# 
   463  1E9D                     	;# 
   464  1E9E                     	;# 
   465  1EA1                     	;# 
   466  1EA2                     	;# 
   467  1EA3                     	;# 
   468  1EA4                     	;# 
   469  1EA5                     	;# 
   470  1EA9                     	;# 
   471  1EAA                     	;# 
   472  1EAB                     	;# 
   473  1EAC                     	;# 
   474  1EB1                     	;# 
   475  1EB2                     	;# 
   476  1EB3                     	;# 
   477  1EB8                     	;# 
   478  1EB9                     	;# 
   479  1EBA                     	;# 
   480  1EBB                     	;# 
   481  1EBC                     	;# 
   482  1EBD                     	;# 
   483  1EBE                     	;# 
   484  1EC3                     	;# 
   485  1EC5                     	;# 
   486  1EC6                     	;# 
   487  1EC7                     	;# 
   488  1EC8                     	;# 
   489  1EC9                     	;# 
   490  1ECA                     	;# 
   491  1ECB                     	;# 
   492  1ECC                     	;# 
   493  1F10                     	;# 
   494  1F11                     	;# 
   495  1F12                     	;# 
   496  1F13                     	;# 
   497  1F14                     	;# 
   498  1F15                     	;# 
   499  1F16                     	;# 
   500  1F17                     	;# 
   501  1F18                     	;# 
   502  1F19                     	;# 
   503  1F1A                     	;# 
   504  1F1B                     	;# 
   505  1F1C                     	;# 
   506  1F1D                     	;# 
   507  1F1E                     	;# 
   508  1F1F                     	;# 
   509  1F20                     	;# 
   510  1F21                     	;# 
   511  1F22                     	;# 
   512  1F23                     	;# 
   513  1F24                     	;# 
   514  1F25                     	;# 
   515  1F26                     	;# 
   516  1F27                     	;# 
   517  1F28                     	;# 
   518  1F29                     	;# 
   519  1F2A                     	;# 
   520  1F2B                     	;# 
   521  1F2C                     	;# 
   522  1F2D                     	;# 
   523  1F2E                     	;# 
   524  1F2F                     	;# 
   525  1F30                     	;# 
   526  1F31                     	;# 
   527  1F32                     	;# 
   528  1F38                     	;# 
   529  1F39                     	;# 
   530  1F3A                     	;# 
   531  1F3B                     	;# 
   532  1F3C                     	;# 
   533  1F3D                     	;# 
   534  1F3E                     	;# 
   535  1F3F                     	;# 
   536  1F40                     	;# 
   537  1F41                     	;# 
   538  1F43                     	;# 
   539  1F44                     	;# 
   540  1F45                     	;# 
   541  1F46                     	;# 
   542  1F47                     	;# 
   543  1F48                     	;# 
   544  1F49                     	;# 
   545  1F4A                     	;# 
   546  1F4B                     	;# 
   547  1F4C                     	;# 
   548  1F4E                     	;# 
   549  1F4F                     	;# 
   550  1F50                     	;# 
   551  1F51                     	;# 
   552  1F52                     	;# 
   553  1F53                     	;# 
   554  1F54                     	;# 
   555  1F55                     	;# 
   556  1F56                     	;# 
   557  1F57                     	;# 
   558  1F59                     	;# 
   559  1F5A                     	;# 
   560  1F5B                     	;# 
   561  1F5C                     	;# 
   562  1F5D                     	;# 
   563  1F61                     	;# 
   564  1F62                     	;# 
   565  1F64                     	;# 
   566  1F65                     	;# 
   567  1F66                     	;# 
   568  1F67                     	;# 
   569  1F68                     	;# 
   570  1F69                     	;# 
   571  1F6A                     	;# 
   572  1F6B                     	;# 
   573  1F6C                     	;# 
   574  1F6D                     	;# 
   575  1FE4                     	;# 
   576  1FE5                     	;# 
   577  1FE6                     	;# 
   578  1FE7                     	;# 
   579  1FE8                     	;# 
   580  1FE9                     	;# 
   581  1FEA                     	;# 
   582  1FEB                     	;# 
   583  1FED                     	;# 
   584  1FEE                     	;# 
   585  1FEF                     	;# 
   586  0017                     _LATBbits	set	23
   587  000D                     _PORTBbits	set	13
   588  0016                     _LATAbits	set	22
   589  000C                     _PORTAbits	set	12
   590  0012                     _TRISBbits	set	18
   591  0011                     _TRISAbits	set	17
   592  000D                     _PORTB	set	13
   593  000C                     _PORTA	set	12
   594  0893                     _OSCFRQbits	set	2195
   595  1F43                     _ANSELB	set	8003
   596  1F38                     _ANSELA	set	7992
   597                           
   598                           ; #config settings
   599  0000                     
   600                           	psect	cinit
   601  07FD                     start_initialization:	
   602  07FD                     __initialization:	
   603  07FD                     end_of_initialization:	
   604                           ;End of C runtime variable initialization code
   605                           
   606  07FD                     __end_of__initialization:	
   607  07FD  0140               	movlb	0
   608  07FE  3187  2FB6         	ljmp	_main	;jump to C main() function
   609                           
   610                           	psect	cstackCOMMON
   611  0070                     __pcstackCOMMON:	
   612  0070                     ?_main:	
   613  0070                     main@argc:	
   614                           ; 2 bytes @ 0x0
   615                           
   616                           
   617                           ; 2 bytes @ 0x0
   618  0070                     	ds	2
   619  0072                     main@argv:	
   620                           
   621                           ; 2 bytes @ 0x2
   622  0072                     	ds	2
   623  0074                     ??_main:	
   624                           
   625                           ; 1 bytes @ 0x4
   626  0074                     	ds	2
   627                           
   628                           	psect	maintext
   629  07B6                     __pmaintext:	
   630 ;;
   631 ;;Main: autosize = 0, tempsize = 2, incstack = 0, save=0
   632 ;;
   633 ;; *************** function _main *****************
   634 ;; Defined at:
   635 ;;		line 22 in file "main.c"
   636 ;; Parameters:    Size  Location     Type
   637 ;;  argc            2    0[COMMON] int 
   638 ;;  argv            2    2[COMMON] PTR PTR unsigned char 
   639 ;; Auto vars:     Size  Location     Type
   640 ;;		None
   641 ;; Return value:  Size  Location     Type
   642 ;;                  2    0[COMMON] int 
   643 ;; Registers used:
   644 ;;		wreg, status,2, status,0
   645 ;; Tracked objects:
   646 ;;		On entry : B3F/0
   647 ;;		On exit  : 0/0
   648 ;;		Unchanged: 0/0
   649 ;; Data sizes:     COMMON   BANK0   BANK1   BANK2   BANK3   BANK4   BANK5   BANK6   BANK7   BANK8   BANK9  BANK10  BANK1
      +1  BANK12  BANK13  BANK14  BANK15  BANK16  BANK17  BANK18  BANK19  BANK20  BANK21  BANK22  BANK23  BANK24  BANK25  BANK2
      +6  BANK27  BANK28  BANK29  BANK30  BANK31  BANK32  BANK33  BANK34  BANK35  BANK36  BANK37  BANK38  BANK39  BANK40  BANK4
      +1  BANK42  BANK43  BANK44  BANK45  BANK46  BANK47  BANK48  BANK49  BANK50
   650 ;;      Params:         4       0       0       0       0       0       0       0       0       0       0       0       
      +0       0       0       0       0       0       0       0       0       0       0       0       0       0       0       
      +0       0       0       0       0       0       0       0       0       0       0       0       0       0       0       
      +0       0       0       0       0       0       0       0       0       0
   651 ;;      Locals:         0       0       0       0       0       0       0       0       0       0       0       0       
      +0       0       0       0       0       0       0       0       0       0       0       0       0       0       0       
      +0       0       0       0       0       0       0       0       0       0       0       0       0       0       0       
      +0       0       0       0       0       0       0       0       0       0
   652 ;;      Temps:          2       0       0       0       0       0       0       0       0       0       0       0       
      +0       0       0       0       0       0       0       0       0       0       0       0       0       0       0       
      +0       0       0       0       0       0       0       0       0       0       0       0       0       0       0       
      +0       0       0       0       0       0       0       0       0       0
   653 ;;      Totals:         6       0       0       0       0       0       0       0       0       0       0       0       
      +0       0       0       0       0       0       0       0       0       0       0       0       0       0       0       
      +0       0       0       0       0       0       0       0       0       0       0       0       0       0       0       
      +0       0       0       0       0       0       0       0       0       0
   654 ;;Total ram usage:        6 bytes
   655 ;; This function calls:
   656 ;;		Nothing
   657 ;; This function is called by:
   658 ;;		Startup code after reset
   659 ;; This function uses a non-reentrant model
   660 ;;
   661                           
   662                           
   663                           ;psect for function _main
   664  07B6                     _main:	
   665                           
   666                           ;main.c: 23: OSCFRQbits.HFFRQ=0b110;
   667                           
   668                           ;incstack = 0
   669                           ; Regs used in _main: [wreg+status,2+status,0]
   670  07B6  0151               	movlb	17	; select bank17
   671  07B7  0813               	movf	19,w	;volatile
   672  07B8  39F8               	andlw	-8
   673  07B9  3806               	iorlw	6
   674  07BA  0093               	movwf	19	;volatile
   675                           
   676                           ;main.c: 25: PORTA=0;
   677  07BB  0140               	movlb	0	; select bank0
   678  07BC  018C               	clrf	12	;volatile
   679                           
   680                           ;main.c: 26: PORTB=0;
   681  07BD  018D               	clrf	13	;volatile
   682                           
   683                           ;main.c: 28: ANSELA=0b00000000;
   684  07BE  017E               	movlb	62	; select bank62
   685  07BF  01B8               	clrf	56	;volatile
   686                           
   687                           ;main.c: 29: ANSELB=0b00000000;
   688  07C0  01C3               	clrf	67	;volatile
   689                           
   690                           ;main.c: 30: TRISAbits.TRISA0=1;
   691  07C1  0140               	movlb	0	; select bank0
   692  07C2  1411               	bsf	17,0	;volatile
   693                           
   694                           ;main.c: 31: TRISAbits.TRISA6=0;
   695  07C3  1311               	bcf	17,6	;volatile
   696                           
   697                           ;main.c: 32: TRISBbits.TRISB0=1;
   698  07C4  1412               	bsf	18,0	;volatile
   699                           
   700                           ;main.c: 33: TRISBbits.TRISB7=0;
   701  07C5  1392               	bcf	18,7	;volatile
   702  07C6                     l544:	
   703                           ;main.c: 39: while(1){
   704                           
   705                           
   706                           ;main.c: 40: if(PORTAbits.RA0==0){
   707  07C6  180C               	btfsc	12,0	;volatile
   708  07C7  2FE2               	goto	l550
   709                           
   710                           ;main.c: 41: _delay((unsigned long)((250)*(32000000/4000.0)));
   711  07C8  300B               	movlw	11
   712  07C9  00F5               	movwf	??_main+1
   713  07CA  3026               	movlw	38
   714  07CB  00F4               	movwf	??_main
   715  07CC  305E               	movlw	94
   716  07CD                     u57:	
   717  07CD  0B89               	decfsz	9,f
   718  07CE  2FCD               	goto	u57
   719  07CF  0BF4               	decfsz	??_main,f
   720  07D0  2FCD               	goto	u57
   721  07D1  0BF5               	decfsz	??_main+1,f
   722  07D2  2FCD               	goto	u57
   723                           
   724                           ;main.c: 42: LATAbits.LATA6=LATAbits.LATA6+1;
   725  07D3  0140               	movlb	0	; select bank0
   726  07D4  0E16               	swapf	22,w	;volatile
   727  07D5  0C89               	rrf	9,f
   728  07D6  0C89               	rrf	9,f
   729  07D7  3901               	andlw	1
   730  07D8  3E01               	addlw	1
   731  07D9  00F4               	movwf	??_main
   732  07DA  0EF4               	swapf	??_main,f
   733  07DB  0DF4               	rlf	??_main,f
   734  07DC  0DF4               	rlf	??_main,f
   735  07DD  0816               	movf	22,w	;volatile
   736  07DE  0674               	xorwf	??_main,w
   737  07DF  39BF               	andlw	-65
   738  07E0  0674               	xorwf	??_main,w
   739  07E1  0096               	movwf	22	;volatile
   740  07E2                     l550:	
   741                           
   742                           ;main.c: 43: }
   743                           ;main.c: 44: if(PORTBbits.RB0==0){
   744  07E2  180D               	btfsc	13,0	;volatile
   745  07E3  2FC6               	goto	l544
   746                           
   747                           ;main.c: 45: _delay((unsigned long)((250)*(32000000/4000.0)));
   748  07E4  300B               	movlw	11
   749  07E5  00F5               	movwf	??_main+1
   750  07E6  3026               	movlw	38
   751  07E7  00F4               	movwf	??_main
   752  07E8  305E               	movlw	94
   753  07E9                     u67:	
   754  07E9  0B89               	decfsz	9,f
   755  07EA  2FE9               	goto	u67
   756  07EB  0BF4               	decfsz	??_main,f
   757  07EC  2FE9               	goto	u67
   758  07ED  0BF5               	decfsz	??_main+1,f
   759  07EE  2FE9               	goto	u67
   760                           
   761                           ;main.c: 46: LATBbits.LATB7=LATBbits.LATB7+1;
   762  07EF  0140               	movlb	0	; select bank0
   763  07F0  0D17               	rlf	23,w	;volatile
   764  07F1  0D17               	rlf	23,w	;volatile
   765  07F2  3901               	andlw	1
   766  07F3  3E01               	addlw	1
   767  07F4  00F4               	movwf	??_main
   768  07F5  0CF4               	rrf	??_main,f
   769  07F6  0CF4               	rrf	??_main,f
   770  07F7  0817               	movf	23,w	;volatile
   771  07F8  0674               	xorwf	??_main,w
   772  07F9  397F               	andlw	-129
   773  07FA  0674               	xorwf	??_main,w
   774  07FB  0097               	movwf	23	;volatile
   775  07FC  2FC6               	goto	l544
   776  07FD                     __end_of_main:	
   777                           ;main.c: 47: }
   778                           ;main.c: 48: }
   779                           ;main.c: 50: return (0);
   780                           ;	Return value of _main is never used
   781                           
   782  007E                     btemp	set	126	;btemp
   783  007E                     wtemp0	set	126


Data Sizes:
    Strings     0
    Constant    0
    Data        0
    BSS         0
    Persistent  0
    Stack       0

Auto Spaces:
    Space          Size  Autos    Used
    COMMON           14      6       6
    BANK0            80      0       0
    BANK1            80      0       0
    BANK2            80      0       0
    BANK3            80      0       0
    BANK4            80      0       0
    BANK5            80      0       0
    BANK6            80      0       0
    BANK7            80      0       0
    BANK8            80      0       0
    BANK9            80      0       0
    BANK10           80      0       0
    BANK11           80      0       0
    BANK12           80      0       0
    BANK13           80      0       0
    BANK14           80      0       0
    BANK15           80      0       0
    BANK16           80      0       0
    BANK17           80      0       0
    BANK18           80      0       0
    BANK19           80      0       0
    BANK20           80      0       0
    BANK21           80      0       0
    BANK22           80      0       0
    BANK23           80      0       0
    BANK24           80      0       0
    BANK25           80      0       0
    BANK26           80      0       0
    BANK27           80      0       0
    BANK28           80      0       0
    BANK29           80      0       0
    BANK30           80      0       0
    BANK31           80      0       0
    BANK32           80      0       0
    BANK33           80      0       0
    BANK34           80      0       0
    BANK35           80      0       0
    BANK36           80      0       0
    BANK37           80      0       0
    BANK38           80      0       0
    BANK39           80      0       0
    BANK40           80      0       0
    BANK41           80      0       0
    BANK42           80      0       0
    BANK43           80      0       0
    BANK44           80      0       0
    BANK45           80      0       0
    BANK46           80      0       0
    BANK47           80      0       0
    BANK48           80      0       0
    BANK49           80      0       0
    BANK50           80      0       0

Pointer List with Targets:

    None.

Critical Paths under _main in COMMON

    None.

Critical Paths under _main in BANK0

    None.

Critical Paths under _main in BANK1

    None.

Critical Paths under _main in BANK2

    None.

Critical Paths under _main in BANK3

    None.

Critical Paths under _main in BANK4

    None.

Critical Paths under _main in BANK5

    None.

Critical Paths under _main in BANK6

    None.

Critical Paths under _main in BANK7

    None.

Critical Paths under _main in BANK8

    None.

Critical Paths under _main in BANK9

    None.

Critical Paths under _main in BANK10

    None.

Critical Paths under _main in BANK11

    None.

Critical Paths under _main in BANK12

    None.

Critical Paths under _main in BANK13

    None.

Critical Paths under _main in BANK14

    None.

Critical Paths under _main in BANK15

    None.

Critical Paths under _main in BANK16

    None.

Critical Paths under _main in BANK17

    None.

Critical Paths under _main in BANK18

    None.

Critical Paths under _main in BANK19

    None.

Critical Paths under _main in BANK20

    None.

Critical Paths under _main in BANK21

    None.

Critical Paths under _main in BANK22

    None.

Critical Paths under _main in BANK23

    None.

Critical Paths under _main in BANK24

    None.

Critical Paths under _main in BANK25

    None.

Critical Paths under _main in BANK26

    None.

Critical Paths under _main in BANK27

    None.

Critical Paths under _main in BANK28

    None.

Critical Paths under _main in BANK29

    None.

Critical Paths under _main in BANK30

    None.

Critical Paths under _main in BANK31

    None.

Critical Paths under _main in BANK32

    None.

Critical Paths under _main in BANK33

    None.

Critical Paths under _main in BANK34

    None.

Critical Paths under _main in BANK35

    None.

Critical Paths under _main in BANK36

    None.

Critical Paths under _main in BANK37

    None.

Critical Paths under _main in BANK38

    None.

Critical Paths under _main in BANK39

    None.

Critical Paths under _main in BANK40

    None.

Critical Paths under _main in BANK41

    None.

Critical Paths under _main in BANK42

    None.

Critical Paths under _main in BANK43

    None.

Critical Paths under _main in BANK44

    None.

Critical Paths under _main in BANK45

    None.

Critical Paths under _main in BANK46

    None.

Critical Paths under _main in BANK47

    None.

Critical Paths under _main in BANK48

    None.

Critical Paths under _main in BANK49

    None.

Critical Paths under _main in BANK50

    None.

Call Graph Tables:

 ---------------------------------------------------------------------------------
 (Depth) Function   	        Calls       Base Space   Used Autos Params    Refs
 ---------------------------------------------------------------------------------
 (0) _main                                                 6     2      4       0
                                              0 COMMON     6     2      4
 ---------------------------------------------------------------------------------
 Estimated maximum stack depth 0
 ---------------------------------------------------------------------------------

 Call Graph Graphs:

 _main (ROOT)

 Address spaces:
Name               Size   Autos  Total    Cost      Usage
BIGRAM             FF0      0       0       0        0.0%
EEDATA             100      0       0       0        0.0%
NULL                 0      0       0       0        0.0%
CODE                 0      0       0       0        0.0%
BITCOMMON            E      0       0       1        0.0%
BITSFR0              0      0       0       1        0.0%
SFR0                 0      0       0       1        0.0%
COMMON               E      6       6       2       42.9%
BITSFR1              0      0       0       2        0.0%
SFR1                 0      0       0       2        0.0%
BITSFR2              0      0       0       3        0.0%
SFR2                 0      0       0       3        0.0%
STACK                0      0       0       3        0.0%
BITBANK0            50      0       0       4        0.0%
BITSFR3              0      0       0       4        0.0%
SFR3                 0      0       0       4        0.0%
BANK0               50      0       0       5        0.0%
BITSFR4              0      0       0       5        0.0%
SFR4                 0      0       0       5        0.0%
BITBANK1            50      0       0       6        0.0%
BITSFR5              0      0       0       6        0.0%
SFR5                 0      0       0       6        0.0%
BANK1               50      0       0       7        0.0%
BITSFR6              0      0       0       7        0.0%
SFR6                 0      0       0       7        0.0%
BITBANK2            50      0       0       8        0.0%
BITSFR7              0      0       0       8        0.0%
SFR7                 0      0       0       8        0.0%
BANK2               50      0       0       9        0.0%
BITSFR8              0      0       0       9        0.0%
SFR8                 0      0       0       9        0.0%
BITBANK3            50      0       0      10        0.0%
BITSFR9              0      0       0      10        0.0%
SFR9                 0      0       0      10        0.0%
BANK3               50      0       0      11        0.0%
BITSFR10             0      0       0      11        0.0%
SFR10                0      0       0      11        0.0%
BITBANK4            50      0       0      12        0.0%
BITSFR11             0      0       0      12        0.0%
SFR11                0      0       0      12        0.0%
BANK4               50      0       0      13        0.0%
BITSFR12             0      0       0      13        0.0%
SFR12                0      0       0      13        0.0%
BITBANK5            50      0       0      14        0.0%
BITSFR13             0      0       0      14        0.0%
SFR13                0      0       0      14        0.0%
BANK5               50      0       0      15        0.0%
BITSFR14             0      0       0      15        0.0%
SFR14                0      0       0      15        0.0%
BITBANK6            50      0       0      16        0.0%
BITSFR15             0      0       0      16        0.0%
SFR15                0      0       0      16        0.0%
BANK6               50      0       0      17        0.0%
BITSFR16             0      0       0      17        0.0%
SFR16                0      0       0      17        0.0%
BITBANK7            50      0       0      18        0.0%
BITSFR17             0      0       0      18        0.0%
SFR17                0      0       0      18        0.0%
BANK7               50      0       0      19        0.0%
BITSFR18             0      0       0      19        0.0%
SFR18                0      0       0      19        0.0%
BITBANK8            50      0       0      20        0.0%
BITSFR19             0      0       0      20        0.0%
SFR19                0      0       0      20        0.0%
BANK8               50      0       0      21        0.0%
BITSFR20             0      0       0      21        0.0%
SFR20                0      0       0      21        0.0%
BITBANK9            50      0       0      22        0.0%
BITSFR21             0      0       0      22        0.0%
SFR21                0      0       0      22        0.0%
BANK9               50      0       0      23        0.0%
BITSFR22             0      0       0      23        0.0%
SFR22                0      0       0      23        0.0%
BITBANK10           50      0       0      24        0.0%
BITSFR23             0      0       0      24        0.0%
SFR23                0      0       0      24        0.0%
BANK10              50      0       0      25        0.0%
BITSFR24             0      0       0      25        0.0%
SFR24                0      0       0      25        0.0%
BITBANK11           50      0       0      26        0.0%
BITSFR25             0      0       0      26        0.0%
SFR25                0      0       0      26        0.0%
BANK11              50      0       0      27        0.0%
BITSFR26             0      0       0      27        0.0%
SFR26                0      0       0      27        0.0%
BITSFR27             0      0       0      28        0.0%
SFR27                0      0       0      28        0.0%
ABS                  0      0       0      28        0.0%
BITBANK12           50      0       0      29        0.0%
BITSFR28             0      0       0      29        0.0%
SFR28                0      0       0      29        0.0%
BANK12              50      0       0      30        0.0%
BITSFR29             0      0       0      30        0.0%
SFR29                0      0       0      30        0.0%
BITBANK13           50      0       0      31        0.0%
BITSFR30             0      0       0      31        0.0%
SFR30                0      0       0      31        0.0%
BANK13              50      0       0      32        0.0%
BITSFR31             0      0       0      32        0.0%
SFR31                0      0       0      32        0.0%
BITBANK14           50      0       0      33        0.0%
BITSFR32             0      0       0      33        0.0%
SFR32                0      0       0      33        0.0%
BANK14              50      0       0      34        0.0%
BITSFR33             0      0       0      34        0.0%
SFR33                0      0       0      34        0.0%
BITBANK15           50      0       0      35        0.0%
BITSFR34             0      0       0      35        0.0%
SFR34                0      0       0      35        0.0%
BANK15              50      0       0      36        0.0%
BITSFR35             0      0       0      36        0.0%
SFR35                0      0       0      36        0.0%
BITBANK16           50      0       0      37        0.0%
BITSFR36             0      0       0      37        0.0%
SFR36                0      0       0      37        0.0%
BANK16              50      0       0      38        0.0%
BITSFR37             0      0       0      38        0.0%
SFR37                0      0       0      38        0.0%
BITBANK17           50      0       0      39        0.0%
BITSFR38             0      0       0      39        0.0%
SFR38                0      0       0      39        0.0%
BANK17              50      0       0      40        0.0%
BITSFR39             0      0       0      40        0.0%
SFR39                0      0       0      40        0.0%
BITBANK18           50      0       0      41        0.0%
BITSFR40             0      0       0      41        0.0%
SFR40                0      0       0      41        0.0%
BANK18              50      0       0      42        0.0%
BITSFR41             0      0       0      42        0.0%
SFR41                0      0       0      42        0.0%
BITBANK19           50      0       0      43        0.0%
BITSFR42             0      0       0      43        0.0%
SFR42                0      0       0      43        0.0%
BANK19              50      0       0      44        0.0%
BITSFR43             0      0       0      44        0.0%
SFR43                0      0       0      44        0.0%
BITBANK20           50      0       0      45        0.0%
BITSFR44             0      0       0      45        0.0%
SFR44                0      0       0      45        0.0%
BANK20              50      0       0      46        0.0%
BITSFR45             0      0       0      46        0.0%
SFR45                0      0       0      46        0.0%
BITBANK21           50      0       0      47        0.0%
BITSFR46             0      0       0      47        0.0%
SFR46                0      0       0      47        0.0%
BANK21              50      0       0      48        0.0%
BITSFR47             0      0       0      48        0.0%
SFR47                0      0       0      48        0.0%
BITBANK22           50      0       0      49        0.0%
BITSFR48             0      0       0      49        0.0%
SFR48                0      0       0      49        0.0%
BANK22              50      0       0      50        0.0%
BITSFR49             0      0       0      50        0.0%
SFR49                0      0       0      50        0.0%
BITBANK23           50      0       0      51        0.0%
BITSFR50             0      0       0      51        0.0%
SFR50                0      0       0      51        0.0%
BANK23              50      0       0      52        0.0%
BITSFR51             0      0       0      52        0.0%
SFR51                0      0       0      52        0.0%
BITBANK24           50      0       0      53        0.0%
BITSFR52             0      0       0      53        0.0%
SFR52                0      0       0      53        0.0%
BANK24              50      0       0      54        0.0%
BITSFR53             0      0       0      54        0.0%
SFR53                0      0       0      54        0.0%
BITBANK25           50      0       0      55        0.0%
BITSFR54             0      0       0      55        0.0%
SFR54                0      0       0      55        0.0%
BANK25              50      0       0      56        0.0%
BITSFR55             0      0       0      56        0.0%
SFR55                0      0       0      56        0.0%
BITBANK26           50      0       0      57        0.0%
BITSFR56             0      0       0      57        0.0%
SFR56                0      0       0      57        0.0%
BANK26              50      0       0      58        0.0%
BITSFR57             0      0       0      58        0.0%
SFR57                0      0       0      58        0.0%
BITSFR58             0      0       0      59        0.0%
SFR58                0      0       0      59        0.0%
DATA                 0      0       0      59        0.0%
BITBANK27           50      0       0      60        0.0%
BITSFR59             0      0       0      60        0.0%
SFR59                0      0       0      60        0.0%
BANK27              50      0       0      61        0.0%
BITSFR60             0      0       0      61        0.0%
SFR60                0      0       0      61        0.0%
BITBANK28           50      0       0      62        0.0%
BITSFR61             0      0       0      62        0.0%
SFR61                0      0       0      62        0.0%
BANK28              50      0       0      63        0.0%
BITSFR62             0      0       0      63        0.0%
SFR62                0      0       0      63        0.0%
BITBANK29           50      0       0      64        0.0%
BITSFR63             0      0       0      64        0.0%
SFR63                0      0       0      64        0.0%
BANK29              50      0       0      65        0.0%
BITBANK30           50      0       0      66        0.0%
BANK30              50      0       0      67        0.0%
BITBANK31           50      0       0      68        0.0%
BANK31              50      0       0      69        0.0%
BITBANK32           50      0       0      70        0.0%
BANK32              50      0       0      71        0.0%
BITBANK33           50      0       0      72        0.0%
BANK33              50      0       0      73        0.0%
BITBANK34           50      0       0      74        0.0%
BANK34              50      0       0      75        0.0%
BITBANK35           50      0       0      76        0.0%
BANK35              50      0       0      77        0.0%
BITBANK36           50      0       0      78        0.0%
BANK36              50      0       0      79        0.0%
BITBANK37           50      0       0      80        0.0%
BANK37              50      0       0      81        0.0%
BITBANK38           50      0       0      82        0.0%
BANK38              50      0       0      83        0.0%
BITBANK39           50      0       0      84        0.0%
BANK39              50      0       0      85        0.0%
BITBANK40           50      0       0      86        0.0%
BANK40              50      0       0      87        0.0%
BITBANK41           50      0       0      88        0.0%
BANK41              50      0       0      89        0.0%
BITBANK42           50      0       0      90        0.0%
BANK42              50      0       0      91        0.0%
BITBANK43           50      0       0      92        0.0%
BANK43              50      0       0      93        0.0%
BITBANK44           50      0       0      94        0.0%
BANK44              50      0       0      95        0.0%
BITBANK45           50      0       0      96        0.0%
BANK45              50      0       0      97        0.0%
BITBANK46           50      0       0      98        0.0%
BANK46              50      0       0      99        0.0%
BITBANK47           50      0       0     100        0.0%
BANK47              50      0       0     101        0.0%
BITBANK48           50      0       0     102        0.0%
BANK48              50      0       0     103        0.0%
BITBANK49           50      0       0     104        0.0%
BANK49              50      0       0     105        0.0%
BITBANK50           50      0       0     106        0.0%
BANK50              50      0       0     107        0.0%


Microchip Technology PIC Macro Assembler V1.45 build -152302408 
Symbol Table                                                                                   Wed Sep 05 18:59:24 2018

            __CFG_CP$OFF 0000                       u57 07CD                       u67 07E9  
            __CFG_LVP$ON 0000                      l550 07E2                      l544 07C6  
           __CFG_CPD$OFF 0000             __CFG_BORV$LO 0000                      wreg 0009  
           __CFG_ZCD$OFF 0000             __CFG_WRT$OFF 0000            __CFG_FCMEN$ON 0000  
                   _main 07B6                     btemp 007E            __CFG_BOREN$ON 0000  
                   start 0002            __CFG_CSWEN$ON 0000            __CFG_MCLRE$ON 0000  
                  ?_main 0070            __CFG_WDTE$OFF 0000                    _PORTA 000C  
                  _PORTB 000D            __CFG_PWRTE$ON 0000                    wtemp0 007E  
        __initialization 07FD             __end_of_main 07FD                   ??_main 0074  
                 _ANSELA 1F38                   _ANSELB 1F43           __CFG_WDTCCS$SC 0000  
         __CFG_STVREN$ON 0000  __end_of__initialization 07FD           __pcstackCOMMON 0070  
             __pmaintext 07B6          __CFG_PPS1WAY$ON 0000      __CFG_RSTOSC$HFINT32 0000  
   __CFG_SCANE$available 0000     end_of_initialization 07FD    __CFG_WDTCPS$WDTCPS_31 0000  
              _PORTAbits 000C                _PORTBbits 000D                _TRISAbits 0011  
              _TRISBbits 0012         __CFG_FEXTOSC$OFF 0000      start_initialization 07FD  
       __CFG_LPBOREN$OFF 0000                ___latbits 0004                 _LATAbits 0016  
               _LATBbits 0017            __size_of_main 0047     __CFG_WDTCWS$WDTCWS_7 0000  
               main@argc 0070                 main@argv 0072        __CFG_CLKOUTEN$OFF 0000  
             _OSCFRQbits 0893  
